============================================================
  Generated by:           Genus(TM) Synthesis Solution 16.21-s018_1
  Generated on:           Apr 01 2017  11:52:53 am
  Module:                 contador_rfwild
  Interconnect mode:      global
  Area mode:              physical library
============================================================

-------------------------------------------------------------------------------
Sequential clock pins without clock waveform

The following sequential clock pins have no clock waveform driving them.  No    
timing constraints will be derived for paths leading to or from these pins.     

pin:contador_rfwild/contador_reg[0]/CLK
pin:contador_rfwild/contador_reg[1]/CLK
pin:contador_rfwild/contador_reg[2]/CLK
  ... 1 other warning in this category.
 Use the -verbose option for more details.
-------------------------------------------------------------------------------

-------------------------------------------------------------------------------
Inputs without clocked external delays

The following primary inputs have no clocked external delays.  As a result the  
timing paths leading from the ports have no timing constraints derived from     
clock waveforms.  The'external_delay' command is used to create new external    
delays.                                                                         

port:contador_rfwild/clk
port:contador_rfwild/reset
-------------------------------------------------------------------------------

-------------------------------------------------------------------------------
Outputs without clocked external delays

The following primary outputs have no clocked external delays.  As a result the 
timing paths leading to the ports have no timing constraints derived from clock 
waveforms.  The'external_delay' command is used to create new external delays.  

port:contador_rfwild/contador[0]
port:contador_rfwild/contador[1]
port:contador_rfwild/contador[2]
  ... 1 other warning in this category.
 Use the -verbose option for more details.
-------------------------------------------------------------------------------

-------------------------------------------------------------------------------
Inputs without external driver/transition

The following primary inputs have no external driver or input transition set.   
As a result the transition on the ports will be assumed as zero. The            
'external_driver' attribute is used to add and external driver or the           
'fixed_slew' attribute to add an external transition.                           

port:contador_rfwild/clk
port:contador_rfwild/reset
-------------------------------------------------------------------------------

-------------------------------------------------------------------------------
Outputs without external load

The following primary outputs have no external load set. As a result the load   
on the ports will be assumed as zero. The 'external_pin_cap' attribute is used  
to add and external pin cap.                                                    

port:contador_rfwild/contador[0]
port:contador_rfwild/contador[1]
port:contador_rfwild/contador[2]
  ... 1 other warning in this category.
 Use the -verbose option for more details.
-------------------------------------------------------------------------------


Lint summary
 Unconnected/logic driven clocks                                  0
 Sequential data pins driven by a clock signal                    0
 Sequential clock pins without clock waveform                     4
 Sequential clock pins with multiple clock waveforms              0
 Generated clocks without clock waveform                          0
 Generated clocks with incompatible options                       0
 Generated clocks with multi-master clock                         0
 Paths constrained with different clocks                          0
 Loop-breaking cells for combinational feedback                   0
 Nets with multiple drivers                                       0
 Timing exceptions with no effect                                 0
 Suspicious multi_cycle exceptions                                0
 Pins/ports with conflicting case constants                       0
 Inputs without clocked external delays                           2
 Outputs without clocked external delays                          4
 Inputs without external driver/transition                        2
 Outputs without external load                                    4
 Exceptions with invalid timing start-/endpoints                  0

                                                  Total:         16
