============================================================
  Generated by:           Genus(TM) Synthesis Solution 16.21-s018_1
  Generated on:           Apr 01 2017  11:53:12 am
  Module:                 contador_rfwild
  Interconnect mode:      global
  Area mode:              physical library
============================================================

                             
  Gate    Instances   Area                Library              
---------------------------------------------------------------
DFFR_E            4  161.280    PnomV1p20T025_STD_CELL_8HP_12T 
INVERT_A          1    5.760    PnomV1p20T025_STD_CELL_8HP_12T 
NAND2_A           2   15.360    PnomV1p20T025_STD_CELL_8HP_12T 
XNOR2_A           2   26.880    PnomV1p20T025_STD_CELL_8HP_12T 
XOR2_A            1   13.440    PnomV1p20T025_STD_CELL_8HP_12T 
---------------------------------------------------------------
total            10  222.720                                   


                                        
     Type      Instances   Area  Area % 
----------------------------------------
sequential             4 161.280   72.4 
inverter               1   5.760    2.6 
logic                  5  55.680   25.0 
physical_cells         0   0.000    0.0 
----------------------------------------
total                 10 222.720  100.0 

