============================================================
  Generated by:           Encounter(R) RTL Compiler RC14.28 - v14.20-s067_1
  Generated on:           Apr 07 2017  07:45:35 pm
  Module:                 tpu
  Technology libraries:   PnomV1p20T025_STD_CELL_8HP_12T 
                          physical_cells 
  Operating conditions:   _nominal_ 
  Interconnect mode:      global
  Area mode:              physical library
============================================================

                               
   Gate    Instances    Area                Library              
-----------------------------------------------------------------
AND2_B             6    57.600    PnomV1p20T025_STD_CELL_8HP_12T 
AND2_C             5    48.000    PnomV1p20T025_STD_CELL_8HP_12T 
AND2_D             6    57.600    PnomV1p20T025_STD_CELL_8HP_12T 
AND2_E             9    86.400    PnomV1p20T025_STD_CELL_8HP_12T 
AND4_B             2    30.720    PnomV1p20T025_STD_CELL_8HP_12T 
AND4_D             1    15.360    PnomV1p20T025_STD_CELL_8HP_12T 
AO21_B            20   268.800    PnomV1p20T025_STD_CELL_8HP_12T 
AO21_F             1    13.440    PnomV1p20T025_STD_CELL_8HP_12T 
AO2222_B          28   752.640    PnomV1p20T025_STD_CELL_8HP_12T 
AO2222_D           2    53.760    PnomV1p20T025_STD_CELL_8HP_12T 
AO222_B            6   126.720    PnomV1p20T025_STD_CELL_8HP_12T 
AO22_B            36   552.960    PnomV1p20T025_STD_CELL_8HP_12T 
AO22_F            38   583.680    PnomV1p20T025_STD_CELL_8HP_12T 
AOI21_A           23   220.800    PnomV1p20T025_STD_CELL_8HP_12T 
AOI2222_F         38  1167.360    PnomV1p20T025_STD_CELL_8HP_12T 
AOI222_F          24   645.120    PnomV1p20T025_STD_CELL_8HP_12T 
AOI22_A           36   414.720    PnomV1p20T025_STD_CELL_8HP_12T 
CLK_C              1     7.680    PnomV1p20T025_STD_CELL_8HP_12T 
CLK_D              2    15.360    PnomV1p20T025_STD_CELL_8HP_12T 
DFF_E             55  1584.000    PnomV1p20T025_STD_CELL_8HP_12T 
INVERT_H          16    92.160    PnomV1p20T025_STD_CELL_8HP_12T 
MUX21I_B           1    13.440    PnomV1p20T025_STD_CELL_8HP_12T 
NAND2_A           30   230.400    PnomV1p20T025_STD_CELL_8HP_12T 
NAND2_B            1     7.680    PnomV1p20T025_STD_CELL_8HP_12T 
NAND2_D            8    61.440    PnomV1p20T025_STD_CELL_8HP_12T 
NAND3_A            6    69.120    PnomV1p20T025_STD_CELL_8HP_12T 
NAND4_A           32   368.640    PnomV1p20T025_STD_CELL_8HP_12T 
NOR2_A            11    84.480    PnomV1p20T025_STD_CELL_8HP_12T 
NOR2_B            28   215.040    PnomV1p20T025_STD_CELL_8HP_12T 
NOR2_D             1     9.600    PnomV1p20T025_STD_CELL_8HP_12T 
NOR3_A             1    17.280    PnomV1p20T025_STD_CELL_8HP_12T 
NOR4_A             1    23.040    PnomV1p20T025_STD_CELL_8HP_12T 
NOR4_B             2    46.080    PnomV1p20T025_STD_CELL_8HP_12T 
OA21_B            19   255.360    PnomV1p20T025_STD_CELL_8HP_12T 
OA2222_D           2    69.120    PnomV1p20T025_STD_CELL_8HP_12T 
OA22_B             2    34.560    PnomV1p20T025_STD_CELL_8HP_12T 
OAI21_B            1     9.600    PnomV1p20T025_STD_CELL_8HP_12T 
OR2_B              3    28.800    PnomV1p20T025_STD_CELL_8HP_12T 
OR2_E              1     9.600    PnomV1p20T025_STD_CELL_8HP_12T 
OR3_B              8   107.520    PnomV1p20T025_STD_CELL_8HP_12T 
OR4_B              1    17.280    PnomV1p20T025_STD_CELL_8HP_12T 
OR4_D              6   103.680    PnomV1p20T025_STD_CELL_8HP_12T 
XNOR2_A           14   188.160    PnomV1p20T025_STD_CELL_8HP_12T 
XNOR2_C            4    53.760    PnomV1p20T025_STD_CELL_8HP_12T 
XOR2_C            11   147.840    PnomV1p20T025_STD_CELL_8HP_12T 
-----------------------------------------------------------------
total            549  8966.400                                   


                                     
   Type    Instances   Area   Area % 
-------------------------------------
sequential        55 1584.000   17.7 
inverter          16   92.160    1.0 
buffer             3   23.040    0.3 
logic            475 7267.200   81.0 
-------------------------------------
total            549 8966.400  100.0 

