Analysis & Synthesis report for processador
Thu Nov 10 19:00:28 2016
Quartus II 64-Bit Version 13.0.1 Build 232 06/12/2013 Service Pack 1.78 SJ Web Edition


---------------------
; Table of Contents ;
---------------------
  1. Legal Notice
  2. Analysis & Synthesis Summary
  3. Analysis & Synthesis Settings
  4. Parallel Compilation
  5. Analysis & Synthesis Source Files Read
  6. Analysis & Synthesis Resource Usage Summary
  7. Analysis & Synthesis Resource Utilization by Entity
  8. State Machine - |processador|seg7:seg7instance|display_state
  9. Registers Removed During Synthesis
 10. Removed Registers Triggering Further Register Optimizations
 11. General Register Statistics
 12. Parameter Settings for User Entity Instance: program_rom:prominstance
 13. Port Connectivity Checks: "ula_3bits:ulainstance|div:divinstance"
 14. Port Connectivity Checks: "ula_3bits:ulainstance|op_xor:op_xorinstance"
 15. Port Connectivity Checks: "ula_3bits:ulainstance|op_or:op_orinstance"
 16. Port Connectivity Checks: "ula_3bits:ulainstance|op_and:op_andinstance"
 17. Port Connectivity Checks: "ula_3bits:ulainstance|mult:multinstance"
 18. Port Connectivity Checks: "ula_3bits:ulainstance|subtrator:subtratorinstance"
 19. Port Connectivity Checks: "ula_3bits:ulainstance|somador:somadorinstance"
 20. Port Connectivity Checks: "ula_3bits:ulainstance"
 21. Port Connectivity Checks: "data_ram:draminstance"
 22. Port Connectivity Checks: "program_rom:prominstance"
 23. Elapsed Time Per Partition
 24. Analysis & Synthesis Messages



----------------
; Legal Notice ;
----------------
Copyright (C) 1991-2013 Altera Corporation
Your use of Altera Corporation's design tools, logic functions 
and other software and tools, and its AMPP partner logic 
functions, and any output files from any of the foregoing 
(including device programming or simulation files), and any 
associated documentation or information are expressly subject 
to the terms and conditions of the Altera Program License 
Subscription Agreement, Altera MegaCore Function License 
Agreement, or other applicable license agreement, including, 
without limitation, that your use is for the sole purpose of 
programming logic devices manufactured by Altera and sold by 
Altera or its authorized distributors.  Please refer to the 
applicable agreement for further details.



+-----------------------------------------------------------------------------------------+
; Analysis & Synthesis Summary                                                            ;
+------------------------------------+----------------------------------------------------+
; Analysis & Synthesis Status        ; Successful - Thu Nov 10 19:00:28 2016              ;
; Quartus II 64-Bit Version          ; 13.0.1 Build 232 06/12/2013 SP 1.78 SJ Web Edition ;
; Revision Name                      ; processador                                        ;
; Top-level Entity Name              ; processador                                        ;
; Family                             ; Cyclone II                                         ;
; Total logic elements               ; 75                                                 ;
;     Total combinational functions  ; 17                                                 ;
;     Dedicated logic registers      ; 71                                                 ;
; Total registers                    ; 71                                                 ;
; Total pins                         ; 72                                                 ;
; Total virtual pins                 ; 0                                                  ;
; Total memory bits                  ; 0                                                  ;
; Embedded Multiplier 9-bit elements ; 0                                                  ;
; Total PLLs                         ; 0                                                  ;
+------------------------------------+----------------------------------------------------+


+----------------------------------------------------------------------------------------------------------------------+
; Analysis & Synthesis Settings                                                                                        ;
+----------------------------------------------------------------------------+--------------------+--------------------+
; Option                                                                     ; Setting            ; Default Value      ;
+----------------------------------------------------------------------------+--------------------+--------------------+
; Device                                                                     ; EP2C20F484C7       ;                    ;
; Top-level entity name                                                      ; processador        ; processador        ;
; Family name                                                                ; Cyclone II         ; Cyclone IV GX      ;
; Use smart compilation                                                      ; Off                ; Off                ;
; Enable parallel Assembler and TimeQuest Timing Analyzer during compilation ; On                 ; On                 ;
; Enable compact report table                                                ; Off                ; Off                ;
; Restructure Multiplexers                                                   ; Auto               ; Auto               ;
; Create Debugging Nodes for IP Cores                                        ; Off                ; Off                ;
; Preserve fewer node names                                                  ; On                 ; On                 ;
; Disable OpenCore Plus hardware evaluation                                  ; Off                ; Off                ;
; Verilog Version                                                            ; Verilog_2001       ; Verilog_2001       ;
; VHDL Version                                                               ; VHDL_1993          ; VHDL_1993          ;
; State Machine Processing                                                   ; Auto               ; Auto               ;
; Safe State Machine                                                         ; Off                ; Off                ;
; Extract Verilog State Machines                                             ; On                 ; On                 ;
; Extract VHDL State Machines                                                ; On                 ; On                 ;
; Ignore Verilog initial constructs                                          ; Off                ; Off                ;
; Iteration limit for constant Verilog loops                                 ; 5000               ; 5000               ;
; Iteration limit for non-constant Verilog loops                             ; 250                ; 250                ;
; Add Pass-Through Logic to Inferred RAMs                                    ; On                 ; On                 ;
; Infer RAMs from Raw Logic                                                  ; On                 ; On                 ;
; Parallel Synthesis                                                         ; On                 ; On                 ;
; DSP Block Balancing                                                        ; Auto               ; Auto               ;
; NOT Gate Push-Back                                                         ; On                 ; On                 ;
; Power-Up Don't Care                                                        ; On                 ; On                 ;
; Remove Redundant Logic Cells                                               ; Off                ; Off                ;
; Remove Duplicate Registers                                                 ; On                 ; On                 ;
; Ignore CARRY Buffers                                                       ; Off                ; Off                ;
; Ignore CASCADE Buffers                                                     ; Off                ; Off                ;
; Ignore GLOBAL Buffers                                                      ; Off                ; Off                ;
; Ignore ROW GLOBAL Buffers                                                  ; Off                ; Off                ;
; Ignore LCELL Buffers                                                       ; Off                ; Off                ;
; Ignore SOFT Buffers                                                        ; On                 ; On                 ;
; Limit AHDL Integers to 32 Bits                                             ; Off                ; Off                ;
; Optimization Technique                                                     ; Balanced           ; Balanced           ;
; Carry Chain Length                                                         ; 70                 ; 70                 ;
; Auto Carry Chains                                                          ; On                 ; On                 ;
; Auto Open-Drain Pins                                                       ; On                 ; On                 ;
; Perform WYSIWYG Primitive Resynthesis                                      ; Off                ; Off                ;
; Auto ROM Replacement                                                       ; On                 ; On                 ;
; Auto RAM Replacement                                                       ; On                 ; On                 ;
; Auto Shift Register Replacement                                            ; Auto               ; Auto               ;
; Allow Shift Register Merging across Hierarchies                            ; Auto               ; Auto               ;
; Auto Clock Enable Replacement                                              ; On                 ; On                 ;
; Strict RAM Replacement                                                     ; Off                ; Off                ;
; Allow Synchronous Control Signals                                          ; On                 ; On                 ;
; Force Use of Synchronous Clear Signals                                     ; Off                ; Off                ;
; Auto RAM to Logic Cell Conversion                                          ; Off                ; Off                ;
; Auto Resource Sharing                                                      ; Off                ; Off                ;
; Allow Any RAM Size For Recognition                                         ; Off                ; Off                ;
; Allow Any ROM Size For Recognition                                         ; Off                ; Off                ;
; Allow Any Shift Register Size For Recognition                              ; Off                ; Off                ;
; Use LogicLock Constraints during Resource Balancing                        ; On                 ; On                 ;
; Ignore translate_off and synthesis_off directives                          ; Off                ; Off                ;
; Timing-Driven Synthesis                                                    ; Off                ; Off                ;
; Report Parameter Settings                                                  ; On                 ; On                 ;
; Report Source Assignments                                                  ; On                 ; On                 ;
; Report Connectivity Checks                                                 ; On                 ; On                 ;
; Ignore Maximum Fan-Out Assignments                                         ; Off                ; Off                ;
; Synchronization Register Chain Length                                      ; 2                  ; 2                  ;
; PowerPlay Power Optimization                                               ; Normal compilation ; Normal compilation ;
; HDL message level                                                          ; Level2             ; Level2             ;
; Suppress Register Optimization Related Messages                            ; Off                ; Off                ;
; Number of Removed Registers Reported in Synthesis Report                   ; 5000               ; 5000               ;
; Number of Swept Nodes Reported in Synthesis Report                         ; 5000               ; 5000               ;
; Number of Inverted Registers Reported in Synthesis Report                  ; 100                ; 100                ;
; Clock MUX Protection                                                       ; On                 ; On                 ;
; Auto Gated Clock Conversion                                                ; Off                ; Off                ;
; Block Design Naming                                                        ; Auto               ; Auto               ;
; SDC constraint protection                                                  ; Off                ; Off                ;
; Synthesis Effort                                                           ; Auto               ; Auto               ;
; Shift Register Replacement - Allow Asynchronous Clear Signal               ; On                 ; On                 ;
; Pre-Mapping Resynthesis Optimization                                       ; Off                ; Off                ;
; Analysis & Synthesis Message Level                                         ; Medium             ; Medium             ;
; Disable Register Merging Across Hierarchies                                ; Auto               ; Auto               ;
; Resource Aware Inference For Block RAM                                     ; On                 ; On                 ;
; Synthesis Seed                                                             ; 1                  ; 1                  ;
+----------------------------------------------------------------------------+--------------------+--------------------+


Parallel compilation was disabled, but you have multiple processors available. Enable parallel compilation to reduce compilation time.
+-------------------------------------+
; Parallel Compilation                ;
+----------------------------+--------+
; Processors                 ; Number ;
+----------------------------+--------+
; Number detected on machine ; 8      ;
; Maximum allowed            ; 1      ;
+----------------------------+--------+


+-----------------------------------------------------------------------------------------------------------------------------------------------------------------+
; Analysis & Synthesis Source Files Read                                                                                                                          ;
+----------------------------------+-----------------+------------------------+-------------------------------------------------------------------------+---------+
; File Name with User-Entered Path ; Used in Netlist ; File Type              ; File Name with Absolute Path                                            ; Library ;
+----------------------------------+-----------------+------------------------+-------------------------------------------------------------------------+---------+
; ula_3bits.v                      ; yes             ; User Verilog HDL File  ; /home/tiagot/pem_shared/Projeto 3 - Processador 4 bits v2/ula_3bits.v   ;         ;
; subtrator.v                      ; yes             ; User Verilog HDL File  ; /home/tiagot/pem_shared/Projeto 3 - Processador 4 bits v2/subtrator.v   ;         ;
; somador.v                        ; yes             ; User Verilog HDL File  ; /home/tiagot/pem_shared/Projeto 3 - Processador 4 bits v2/somador.v     ;         ;
; seg7.v                           ; yes             ; User Verilog HDL File  ; /home/tiagot/pem_shared/Projeto 3 - Processador 4 bits v2/seg7.v        ;         ;
; program_rom.v                    ; yes             ; User Verilog HDL File  ; /home/tiagot/pem_shared/Projeto 3 - Processador 4 bits v2/program_rom.v ;         ;
; processador.v                    ; yes             ; User Verilog HDL File  ; /home/tiagot/pem_shared/Projeto 3 - Processador 4 bits v2/processador.v ;         ;
; op_xor.v                         ; yes             ; User Verilog HDL File  ; /home/tiagot/pem_shared/Projeto 3 - Processador 4 bits v2/op_xor.v      ;         ;
; op_or.v                          ; yes             ; User Verilog HDL File  ; /home/tiagot/pem_shared/Projeto 3 - Processador 4 bits v2/op_or.v       ;         ;
; op_and.v                         ; yes             ; User Verilog HDL File  ; /home/tiagot/pem_shared/Projeto 3 - Processador 4 bits v2/op_and.v      ;         ;
; mult.v                           ; yes             ; User Verilog HDL File  ; /home/tiagot/pem_shared/Projeto 3 - Processador 4 bits v2/mult.v        ;         ;
; div.v                            ; yes             ; User Verilog HDL File  ; /home/tiagot/pem_shared/Projeto 3 - Processador 4 bits v2/div.v         ;         ;
; data_ram.v                       ; yes             ; User Verilog HDL File  ; /home/tiagot/pem_shared/Projeto 3 - Processador 4 bits v2/data_ram.v    ;         ;
+----------------------------------+-----------------+------------------------+-------------------------------------------------------------------------+---------+


+--------------------------------------------------------+
; Analysis & Synthesis Resource Usage Summary            ;
+---------------------------------------------+----------+
; Resource                                    ; Usage    ;
+---------------------------------------------+----------+
; Estimated Total logic elements              ; 75       ;
;                                             ;          ;
; Total combinational functions               ; 17       ;
; Logic element usage by number of LUT inputs ;          ;
;     -- 4 input functions                    ; 11       ;
;     -- 3 input functions                    ; 3        ;
;     -- <=2 input functions                  ; 3        ;
;                                             ;          ;
; Logic elements by mode                      ;          ;
;     -- normal mode                          ; 17       ;
;     -- arithmetic mode                      ; 0        ;
;                                             ;          ;
; Total registers                             ; 71       ;
;     -- Dedicated logic registers            ; 71       ;
;     -- I/O registers                        ; 0        ;
;                                             ;          ;
; I/O pins                                    ; 72       ;
; Embedded Multiplier 9-bit elements          ; 0        ;
; Maximum fan-out node                        ; CLOCK_50 ;
; Maximum fan-out                             ; 65       ;
; Total fan-out                               ; 297      ;
; Average fan-out                             ; 1.86     ;
+---------------------------------------------+----------+


+--------------------------------------------------------------------------------------------------------------------------------------------------------------------------------------------+
; Analysis & Synthesis Resource Utilization by Entity                                                                                                                                        ;
+----------------------------+-------------------+--------------+-------------+--------------+---------+-----------+------+--------------+------------------------------------+--------------+
; Compilation Hierarchy Node ; LC Combinationals ; LC Registers ; Memory Bits ; DSP Elements ; DSP 9x9 ; DSP 18x18 ; Pins ; Virtual Pins ; Full Hierarchy Name                ; Library Name ;
+----------------------------+-------------------+--------------+-------------+--------------+---------+-----------+------+--------------+------------------------------------+--------------+
; |processador               ; 17 (4)            ; 71 (31)      ; 0           ; 0            ; 0       ; 0         ; 72   ; 0            ; |processador                       ; work         ;
;    |data_ram:draminstance| ; 0 (0)             ; 8 (8)        ; 0           ; 0            ; 0       ; 0         ; 0    ; 0            ; |processador|data_ram:draminstance ; work         ;
;    |seg7:seg7instance|     ; 13 (13)           ; 32 (32)      ; 0           ; 0            ; 0       ; 0         ; 0    ; 0            ; |processador|seg7:seg7instance     ; work         ;
+----------------------------+-------------------+--------------+-------------+--------------+---------+-----------+------+--------------+------------------------------------+--------------+
Note: For table entries with two numbers listed, the numbers in parentheses indicate the number of resources of the given type used by the specific entity alone. The numbers listed outside of parentheses indicate the total resources of the given type used by the specific entity and all of its sub-entities in the hierarchy.


Encoding Type:  One-Hot
+----------------------------------------------------------------------------------------------+
; State Machine - |processador|seg7:seg7instance|display_state                                 ;
+------------------+------------------+------------------+------------------+------------------+
; Name             ; display_state.11 ; display_state.10 ; display_state.01 ; display_state.00 ;
+------------------+------------------+------------------+------------------+------------------+
; display_state.00 ; 0                ; 0                ; 0                ; 0                ;
; display_state.01 ; 0                ; 0                ; 1                ; 1                ;
; display_state.10 ; 0                ; 1                ; 0                ; 1                ;
; display_state.11 ; 1                ; 0                ; 0                ; 1                ;
+------------------+------------------+------------------+------------------+------------------+


+------------------------------------------------------------------------------------------------------------+
; Registers Removed During Synthesis                                                                         ;
+-------------------------------------------------------------------+----------------------------------------+
; Register name                                                     ; Reason for Removal                     ;
+-------------------------------------------------------------------+----------------------------------------+
; opcode[0]                                                         ; Stuck at GND due to stuck port data_in ;
; opcode[1]                                                         ; Stuck at VCC due to stuck port data_in ;
; opcode[2,3]                                                       ; Stuck at GND due to stuck port data_in ;
; addr_d                                                            ; Stuck at GND due to stuck port data_in ;
; seg7:seg7instance|hex_out1[7]                                     ; Stuck at GND due to stuck port data_in ;
; seg7:seg7instance|hex_out2[7]                                     ; Stuck at GND due to stuck port data_in ;
; seg7:seg7instance|hex_out0[7]                                     ; Stuck at GND due to stuck port data_in ;
; seg7:seg7instance|hex_out3[7]                                     ; Stuck at GND due to stuck port data_in ;
; ula_3bits:ulainstance|out_ula[0]                                  ; Stuck at GND due to stuck port clock   ;
; ula_3bits:ulainstance|subtrator:subtratorinstance|out[0]          ; Lost fanout                            ;
; ula_3bits:ulainstance|out_ula[1]                                  ; Stuck at GND due to stuck port clock   ;
; ula_3bits:ulainstance|subtrator:subtratorinstance|out[1]          ; Lost fanout                            ;
; ula_3bits:ulainstance|out_ula[2]                                  ; Stuck at GND due to stuck port clock   ;
; ula_3bits:ulainstance|subtrator:subtratorinstance|out[2]          ; Lost fanout                            ;
; ula_3bits:ulainstance|out_ula[3]                                  ; Stuck at GND due to stuck port clock   ;
; ula_3bits:ulainstance|subtrator:subtratorinstance|out[3]          ; Lost fanout                            ;
; ula_3bits:ulainstance|subtrator:subtratorinstance|resultado[0..3] ; Lost fanout                            ;
; ula_3bits:ulainstance|out_ula[4..7]                               ; Stuck at GND due to stuck port clock   ;
; ula_3bits:ulainstance|subtrator:subtratorinstance|s               ; Stuck at GND due to stuck port clock   ;
; ula_3bits:ulainstance|subtrator:subtratorinstance|resultado[4]    ; Lost fanout                            ;
; data_ram:draminstance|addr_reg                                    ; Stuck at GND due to stuck port data_in ;
; disp0[0]~reg0                                                     ; Stuck at GND due to stuck port data_in ;
; disp0[1]~reg0                                                     ; Stuck at GND due to stuck port data_in ;
; disp0[2]~reg0                                                     ; Stuck at GND due to stuck port data_in ;
; disp0[3]~reg0                                                     ; Stuck at GND due to stuck port data_in ;
; disp1[0]~reg0                                                     ; Stuck at GND due to stuck port data_in ;
; disp1[1]~reg0                                                     ; Stuck at GND due to stuck port data_in ;
; disp1[2]~reg0                                                     ; Stuck at GND due to stuck port data_in ;
; disp1[3]~reg0                                                     ; Stuck at GND due to stuck port data_in ;
; seg7:seg7instance|display_state~2                                 ; Lost fanout                            ;
; seg7:seg7instance|display_state~3                                 ; Lost fanout                            ;
; Total Number of Removed Registers = 38                            ;                                        ;
+-------------------------------------------------------------------+----------------------------------------+


+----------------------------------------------------------------------------------------------------------------------------------------------------------------------------------+
; Removed Registers Triggering Further Register Optimizations                                                                                                                      ;
+----------------------------------------------------------+---------------------------+-------------------------------------------------------------------------------------------+
; Register name                                            ; Reason for Removal        ; Registers Removed due to This Register                                                    ;
+----------------------------------------------------------+---------------------------+-------------------------------------------------------------------------------------------+
; opcode[0]                                                ; Stuck at GND              ; ula_3bits:ulainstance|out_ula[0], ula_3bits:ulainstance|out_ula[1],                       ;
;                                                          ; due to stuck port data_in ; ula_3bits:ulainstance|subtrator:subtratorinstance|out[1],                                 ;
;                                                          ;                           ; ula_3bits:ulainstance|out_ula[2],                                                         ;
;                                                          ;                           ; ula_3bits:ulainstance|subtrator:subtratorinstance|out[2],                                 ;
;                                                          ;                           ; ula_3bits:ulainstance|out_ula[3],                                                         ;
;                                                          ;                           ; ula_3bits:ulainstance|subtrator:subtratorinstance|out[3],                                 ;
;                                                          ;                           ; ula_3bits:ulainstance|subtrator:subtratorinstance|resultado[3],                           ;
;                                                          ;                           ; ula_3bits:ulainstance|subtrator:subtratorinstance|resultado[2],                           ;
;                                                          ;                           ; ula_3bits:ulainstance|subtrator:subtratorinstance|resultado[1],                           ;
;                                                          ;                           ; ula_3bits:ulainstance|out_ula[4], ula_3bits:ulainstance|out_ula[5],                       ;
;                                                          ;                           ; ula_3bits:ulainstance|out_ula[6], ula_3bits:ulainstance|out_ula[7],                       ;
;                                                          ;                           ; ula_3bits:ulainstance|subtrator:subtratorinstance|s,                                      ;
;                                                          ;                           ; ula_3bits:ulainstance|subtrator:subtratorinstance|resultado[4], disp0[0]~reg0,            ;
;                                                          ;                           ; disp0[1]~reg0, disp0[2]~reg0, disp0[3]~reg0, disp1[0]~reg0, disp1[1]~reg0, disp1[2]~reg0, ;
;                                                          ;                           ; disp1[3]~reg0                                                                             ;
; addr_d                                                   ; Stuck at GND              ; data_ram:draminstance|addr_reg                                                            ;
;                                                          ; due to stuck port data_in ;                                                                                           ;
; ula_3bits:ulainstance|subtrator:subtratorinstance|out[0] ; Lost Fanouts              ; ula_3bits:ulainstance|subtrator:subtratorinstance|resultado[0]                            ;
+----------------------------------------------------------+---------------------------+-------------------------------------------------------------------------------------------+


+------------------------------------------------------+
; General Register Statistics                          ;
+----------------------------------------------+-------+
; Statistic                                    ; Value ;
+----------------------------------------------+-------+
; Total registers                              ; 71    ;
; Number of registers using Synchronous Clear  ; 0     ;
; Number of registers using Synchronous Load   ; 0     ;
; Number of registers using Asynchronous Clear ; 0     ;
; Number of registers using Asynchronous Load  ; 0     ;
; Number of registers using Clock Enable       ; 52    ;
; Number of registers using Preset             ; 0     ;
+----------------------------------------------+-------+


+-----------------------------------------------------------------------+
; Parameter Settings for User Entity Instance: program_rom:prominstance ;
+----------------+-------+----------------------------------------------+
; Parameter Name ; Value ; Type                                         ;
+----------------+-------+----------------------------------------------+
; SOMA           ; 0001  ; Unsigned Binary                              ;
; SUBTRACAO      ; 0010  ; Unsigned Binary                              ;
; MULT           ; 0011  ; Unsigned Binary                              ;
; DIV            ; 0100  ; Unsigned Binary                              ;
; AND            ; 0101  ; Unsigned Binary                              ;
; OR             ; 0110  ; Unsigned Binary                              ;
; XOR            ; 0111  ; Unsigned Binary                              ;
+----------------+-------+----------------------------------------------+
Note: In order to hide this table in the UI and the text report file, please set the "Show Parameter Settings in Synthesis Report" option in "Analysis and Synthesis Settings -> More Settings" to "Off".


+--------------------------------------------------------------------------------------------------------------------------------------------------------------------------------------------------+
; Port Connectivity Checks: "ula_3bits:ulainstance|div:divinstance"                                                                                                                                ;
+------+--------+----------+-----------------------------------------------------------------------------------------------------------------------------------------------------------------------+
; Port ; Type   ; Severity ; Details                                                                                                                                                               ;
+------+--------+----------+-----------------------------------------------------------------------------------------------------------------------------------------------------------------------+
; out  ; Output ; Warning  ; Output or bidir port (4 bits) is smaller than the port expression (9 bits) it drives.  The 5 most-significant bit(s) in the port expression will be connected to GND. ;
+------+--------+----------+-----------------------------------------------------------------------------------------------------------------------------------------------------------------------+


+------------------------------------------------------------------------------------------------------------------------------------------------------------------------------------------------------------+
; Port Connectivity Checks: "ula_3bits:ulainstance|op_xor:op_xorinstance"                                                                                                                                    ;
+------+-------+----------+----------------------------------------------------------------------------------------------------------------------------------------------------------------------------------+
; Port ; Type  ; Severity ; Details                                                                                                                                                                          ;
+------+-------+----------+----------------------------------------------------------------------------------------------------------------------------------------------------------------------------------+
; a    ; Input ; Warning  ; Input port expression (4 bits) is wider than the input port (3 bits) it drives.  The 1 most-significant bit(s) in the expression will be dangling if they have no other fanouts. ;
; b    ; Input ; Warning  ; Input port expression (4 bits) is wider than the input port (3 bits) it drives.  The 1 most-significant bit(s) in the expression will be dangling if they have no other fanouts. ;
+------+-------+----------+----------------------------------------------------------------------------------------------------------------------------------------------------------------------------------+


+------------------------------------------------------------------------------------------------------------------------------------------------------------------------------------------------------------+
; Port Connectivity Checks: "ula_3bits:ulainstance|op_or:op_orinstance"                                                                                                                                      ;
+------+-------+----------+----------------------------------------------------------------------------------------------------------------------------------------------------------------------------------+
; Port ; Type  ; Severity ; Details                                                                                                                                                                          ;
+------+-------+----------+----------------------------------------------------------------------------------------------------------------------------------------------------------------------------------+
; a    ; Input ; Warning  ; Input port expression (4 bits) is wider than the input port (3 bits) it drives.  The 1 most-significant bit(s) in the expression will be dangling if they have no other fanouts. ;
; b    ; Input ; Warning  ; Input port expression (4 bits) is wider than the input port (3 bits) it drives.  The 1 most-significant bit(s) in the expression will be dangling if they have no other fanouts. ;
+------+-------+----------+----------------------------------------------------------------------------------------------------------------------------------------------------------------------------------+


+------------------------------------------------------------------------------------------------------------------------------------------------------------------------------------------------------------+
; Port Connectivity Checks: "ula_3bits:ulainstance|op_and:op_andinstance"                                                                                                                                    ;
+------+-------+----------+----------------------------------------------------------------------------------------------------------------------------------------------------------------------------------+
; Port ; Type  ; Severity ; Details                                                                                                                                                                          ;
+------+-------+----------+----------------------------------------------------------------------------------------------------------------------------------------------------------------------------------+
; a    ; Input ; Warning  ; Input port expression (4 bits) is wider than the input port (3 bits) it drives.  The 1 most-significant bit(s) in the expression will be dangling if they have no other fanouts. ;
; b    ; Input ; Warning  ; Input port expression (4 bits) is wider than the input port (3 bits) it drives.  The 1 most-significant bit(s) in the expression will be dangling if they have no other fanouts. ;
+------+-------+----------+----------------------------------------------------------------------------------------------------------------------------------------------------------------------------------+


+------------------------------------------------------------------------------------------------------------------------------------------------------------------------------------------------------------+
; Port Connectivity Checks: "ula_3bits:ulainstance|mult:multinstance"                                                                                                                                        ;
+------+-------+----------+----------------------------------------------------------------------------------------------------------------------------------------------------------------------------------+
; Port ; Type  ; Severity ; Details                                                                                                                                                                          ;
+------+-------+----------+----------------------------------------------------------------------------------------------------------------------------------------------------------------------------------+
; a    ; Input ; Warning  ; Input port expression (4 bits) is wider than the input port (3 bits) it drives.  The 1 most-significant bit(s) in the expression will be dangling if they have no other fanouts. ;
; b    ; Input ; Warning  ; Input port expression (4 bits) is wider than the input port (3 bits) it drives.  The 1 most-significant bit(s) in the expression will be dangling if they have no other fanouts. ;
+------+-------+----------+----------------------------------------------------------------------------------------------------------------------------------------------------------------------------------+


+---------------------------------------------------------------------------------------------------------------------------------------------------+
; Port Connectivity Checks: "ula_3bits:ulainstance|subtrator:subtratorinstance"                                                                     ;
+------+--------+----------+------------------------------------------------------------------------------------------------------------------------+
; Port ; Type   ; Severity ; Details                                                                                                                ;
+------+--------+----------+------------------------------------------------------------------------------------------------------------------------+
; out  ; Output ; Warning  ; Output or bidir port (5 bits) is wider than the port expression (4 bits) it drives; bit(s) "out[4..4]" have no fanouts ;
+------+--------+----------+------------------------------------------------------------------------------------------------------------------------+


+---------------------------------------------------------------------------------------------------------------------------------------------------+
; Port Connectivity Checks: "ula_3bits:ulainstance|somador:somadorinstance"                                                                         ;
+------+--------+----------+------------------------------------------------------------------------------------------------------------------------+
; Port ; Type   ; Severity ; Details                                                                                                                ;
+------+--------+----------+------------------------------------------------------------------------------------------------------------------------+
; out  ; Output ; Warning  ; Output or bidir port (5 bits) is wider than the port expression (4 bits) it drives; bit(s) "out[4..4]" have no fanouts ;
+------+--------+----------+------------------------------------------------------------------------------------------------------------------------+


+----------------------------------------------------------------------------------------------------------------------------------------------------------------------------+
; Port Connectivity Checks: "ula_3bits:ulainstance"                                                                                                                          ;
+---------+--------+----------+----------------------------------------------------------------------------------------------------------------------------------------------+
; Port    ; Type   ; Severity ; Details                                                                                                                                      ;
+---------+--------+----------+----------------------------------------------------------------------------------------------------------------------------------------------+
; out_ula ; Output ; Warning  ; Output or bidir port (9 bits) is wider than the port expression (8 bits) it drives; bit(s) "out_ula[8..8]" have no fanouts                   ;
; clk     ; Input  ; Warning  ; Declared by entity but not connected by instance. If a default value exists, it will be used.  Otherwise, the port will be connected to GND. ;
; rst     ; Input  ; Warning  ; Declared by entity but not connected by instance. If a default value exists, it will be used.  Otherwise, the port will be connected to GND. ;
+---------+--------+----------+----------------------------------------------------------------------------------------------------------------------------------------------+


+------------------------------------------------------------------------------------------------------------------------------------------------------------------------------------------------------------+
; Port Connectivity Checks: "data_ram:draminstance"                                                                                                                                                          ;
+------+-------+----------+----------------------------------------------------------------------------------------------------------------------------------------------------------------------------------+
; Port ; Type  ; Severity ; Details                                                                                                                                                                          ;
+------+-------+----------+----------------------------------------------------------------------------------------------------------------------------------------------------------------------------------+
; data ; Input ; Warning  ; Input port expression (9 bits) is wider than the input port (8 bits) it drives.  The 1 most-significant bit(s) in the expression will be dangling if they have no other fanouts. ;
+------+-------+----------+----------------------------------------------------------------------------------------------------------------------------------------------------------------------------------+


+--------------------------------------------------------------------------------------------------------------------+
; Port Connectivity Checks: "program_rom:prominstance"                                                               ;
+----------+--------+----------+-------------------------------------------------------------------------------------+
; Port     ; Type   ; Severity ; Details                                                                             ;
+----------+--------+----------+-------------------------------------------------------------------------------------+
; out_prom ; Output ; Info     ; Connected to dangling logic. Logic that only feeds a dangling port will be removed. ;
+----------+--------+----------+-------------------------------------------------------------------------------------+


+-------------------------------+
; Elapsed Time Per Partition    ;
+----------------+--------------+
; Partition Name ; Elapsed Time ;
+----------------+--------------+
; Top            ; 00:00:00     ;
+----------------+--------------+


+-------------------------------+
; Analysis & Synthesis Messages ;
+-------------------------------+
Info: *******************************************************************
Info: Running Quartus II 64-Bit Analysis & Synthesis
    Info: Version 13.0.1 Build 232 06/12/2013 Service Pack 1.78 SJ Web Edition
    Info: Processing started: Thu Nov 10 19:00:27 2016
Info: Command: quartus_map --read_settings_files=on --write_settings_files=off processador -c processador
Warning (20028): Parallel compilation is not licensed and has been disabled
Info (12021): Found 1 design units, including 1 entities, in source file ula_3bits.v
    Info (12023): Found entity 1: ula_3bits
Info (12021): Found 1 design units, including 1 entities, in source file subtrator.v
    Info (12023): Found entity 1: subtrator
Info (12021): Found 1 design units, including 1 entities, in source file somador.v
    Info (12023): Found entity 1: somador
Info (12021): Found 1 design units, including 1 entities, in source file seg7.v
    Info (12023): Found entity 1: seg7
Info (12021): Found 1 design units, including 1 entities, in source file program_rom.v
    Info (12023): Found entity 1: program_rom
Info (12021): Found 1 design units, including 1 entities, in source file processador.v
    Info (12023): Found entity 1: processador
Info (12021): Found 1 design units, including 1 entities, in source file op_xor.v
    Info (12023): Found entity 1: op_xor
Info (12021): Found 1 design units, including 1 entities, in source file op_or.v
    Info (12023): Found entity 1: op_or
Info (12021): Found 1 design units, including 1 entities, in source file op_and.v
    Info (12023): Found entity 1: op_and
Info (12021): Found 1 design units, including 1 entities, in source file mult.v
    Info (12023): Found entity 1: mult
Info (12021): Found 1 design units, including 1 entities, in source file div.v
    Info (12023): Found entity 1: div
Info (12021): Found 1 design units, including 1 entities, in source file data_ram.v
    Info (12023): Found entity 1: data_ram
Info (12127): Elaborating entity "processador" for the top level hierarchy
Warning (10230): Verilog HDL assignment warning at processador.v(102): truncated value with size 32 to match size of target (3)
Info (12128): Elaborating entity "program_rom" for hierarchy "program_rom:prominstance"
Warning (10030): Net "prom.data_a" at program_rom.v(16) has no driver or initial value, using a default initial value '0'
Warning (10030): Net "prom.waddr_a" at program_rom.v(16) has no driver or initial value, using a default initial value '0'
Warning (10030): Net "prom.we_a" at program_rom.v(16) has no driver or initial value, using a default initial value '0'
Info (12128): Elaborating entity "data_ram" for hierarchy "data_ram:draminstance"
Info (12128): Elaborating entity "ula_3bits" for hierarchy "ula_3bits:ulainstance"
Info (12128): Elaborating entity "somador" for hierarchy "ula_3bits:ulainstance|somador:somadorinstance"
Info (12128): Elaborating entity "subtrator" for hierarchy "ula_3bits:ulainstance|subtrator:subtratorinstance"
Info (12128): Elaborating entity "mult" for hierarchy "ula_3bits:ulainstance|mult:multinstance"
Info (12128): Elaborating entity "op_and" for hierarchy "ula_3bits:ulainstance|op_and:op_andinstance"
Info (12128): Elaborating entity "op_or" for hierarchy "ula_3bits:ulainstance|op_or:op_orinstance"
Info (12128): Elaborating entity "op_xor" for hierarchy "ula_3bits:ulainstance|op_xor:op_xorinstance"
Info (12128): Elaborating entity "div" for hierarchy "ula_3bits:ulainstance|div:divinstance"
Info (12128): Elaborating entity "seg7" for hierarchy "seg7:seg7instance"
Info (276014): Found 1 instances of uninferred RAM logic
    Info (276004): RAM logic "data_ram:draminstance|dram" is uninferred due to inappropriate RAM size
Warning (12241): 9 hierarchies have connectivity warnings - see the Connectivity Checks report folder
Warning (13024): Output pins are stuck at VCC or GND
    Warning (13410): Pin "disp0[0]" is stuck at GND
    Warning (13410): Pin "disp0[1]" is stuck at GND
    Warning (13410): Pin "disp0[2]" is stuck at GND
    Warning (13410): Pin "disp0[3]" is stuck at GND
    Warning (13410): Pin "disp1[0]" is stuck at GND
    Warning (13410): Pin "disp1[1]" is stuck at GND
    Warning (13410): Pin "disp1[2]" is stuck at GND
    Warning (13410): Pin "disp1[3]" is stuck at GND
    Warning (13410): Pin "HEX0[7]" is stuck at GND
    Warning (13410): Pin "HEX1[7]" is stuck at GND
    Warning (13410): Pin "HEX2[7]" is stuck at GND
    Warning (13410): Pin "HEX3[7]" is stuck at GND
Info (17049): 11 registers lost all their fanouts during netlist optimizations.
Info (16010): Generating hard_block partition "hard_block:auto_generated_inst"
    Info (16011): Adding 0 node(s), including 0 DDIO, 0 PLL, 0 transceiver and 0 LCELL
Warning (21074): Design contains 2 input pin(s) that do not drive logic
    Warning (15610): No output dependent on input pin "KEY[0]"
    Warning (15610): No output dependent on input pin "KEY[1]"
Info (21057): Implemented 154 device resources after synthesis - the final resource count might be different
    Info (21058): Implemented 13 input pins
    Info (21059): Implemented 59 output pins
    Info (21061): Implemented 82 logic cells
Info: Quartus II 64-Bit Analysis & Synthesis was successful. 0 errors, 22 warnings
    Info: Peak virtual memory: 708 megabytes
    Info: Processing ended: Thu Nov 10 19:00:28 2016
    Info: Elapsed time: 00:00:01
    Info: Total CPU time (on all processors): 00:00:01


