Analysis & Synthesis report for processador
Wed Nov 16 21:48:16 2016
Quartus II 64-Bit Version 13.0.1 Build 232 06/12/2013 Service Pack 1.78 SJ Web Edition


---------------------
; Table of Contents ;
---------------------
  1. Legal Notice
  2. Analysis & Synthesis Summary
  3. Analysis & Synthesis Settings
  4. Parallel Compilation
  5. Analysis & Synthesis Source Files Read
  6. Analysis & Synthesis Resource Usage Summary
  7. Analysis & Synthesis Resource Utilization by Entity
  8. State Machine - |DE1_TOP|processador:processadorinstance|seg7:seg7instance|display_state
  9. Registers Removed During Synthesis
 10. Removed Registers Triggering Further Register Optimizations
 11. General Register Statistics
 12. Inverted Register Statistics
 13. Multiplexer Restructuring Statistics (Restructuring Performed)
 14. Parameter Settings for User Entity Instance: processador:processadorinstance|program_rom:prominstance
 15. Parameter Settings for User Entity Instance: processador:processadorinstance|data_ram:draminstance
 16. Parameter Settings for Inferred Entity Instance: processador:processadorinstance|ula:ulainstance|mult:multinstance|lpm_mult:Mult0
 17. Parameter Settings for Inferred Entity Instance: processador:processadorinstance|ula:ulainstance|div:divinstance|lpm_divide:Div0
 18. lpm_mult Parameter Settings by Entity Instance
 19. Port Connectivity Checks: "processador:processadorinstance|seg7:seg7instance"
 20. Port Connectivity Checks: "processador:processadorinstance|ula:ulainstance|op_xor:op_xorinstance"
 21. Port Connectivity Checks: "processador:processadorinstance|ula:ulainstance|op_or:op_orinstance"
 22. Port Connectivity Checks: "processador:processadorinstance|ula:ulainstance|op_and:op_andinstance"
 23. Port Connectivity Checks: "processador:processadorinstance|ula:ulainstance|mult:multinstance"
 24. Port Connectivity Checks: "processador:processadorinstance|data_ram:draminstance"
 25. Port Connectivity Checks: "processador:processadorinstance"
 26. Elapsed Time Per Partition
 27. Analysis & Synthesis Messages



----------------
; Legal Notice ;
----------------
Copyright (C) 1991-2013 Altera Corporation
Your use of Altera Corporation's design tools, logic functions 
and other software and tools, and its AMPP partner logic 
functions, and any output files from any of the foregoing 
(including device programming or simulation files), and any 
associated documentation or information are expressly subject 
to the terms and conditions of the Altera Program License 
Subscription Agreement, Altera MegaCore Function License 
Agreement, or other applicable license agreement, including, 
without limitation, that your use is for the sole purpose of 
programming logic devices manufactured by Altera and sold by 
Altera or its authorized distributors.  Please refer to the 
applicable agreement for further details.



+-----------------------------------------------------------------------------------------+
; Analysis & Synthesis Summary                                                            ;
+------------------------------------+----------------------------------------------------+
; Analysis & Synthesis Status        ; Successful - Wed Nov 16 21:48:16 2016              ;
; Quartus II 64-Bit Version          ; 13.0.1 Build 232 06/12/2013 SP 1.78 SJ Web Edition ;
; Revision Name                      ; processador                                        ;
; Top-level Entity Name              ; DE1_TOP                                            ;
; Family                             ; Cyclone II                                         ;
; Total logic elements               ; 175                                                ;
;     Total combinational functions  ; 114                                                ;
;     Dedicated logic registers      ; 100                                                ;
; Total registers                    ; 100                                                ;
; Total pins                         ; 283                                                ;
; Total virtual pins                 ; 0                                                  ;
; Total memory bits                  ; 0                                                  ;
; Embedded Multiplier 9-bit elements ; 0                                                  ;
; Total PLLs                         ; 0                                                  ;
+------------------------------------+----------------------------------------------------+


+----------------------------------------------------------------------------------------------------------------------+
; Analysis & Synthesis Settings                                                                                        ;
+----------------------------------------------------------------------------+--------------------+--------------------+
; Option                                                                     ; Setting            ; Default Value      ;
+----------------------------------------------------------------------------+--------------------+--------------------+
; Device                                                                     ; EP2C20F484C7       ;                    ;
; Top-level entity name                                                      ; DE1_TOP            ; processador        ;
; Family name                                                                ; Cyclone II         ; Cyclone IV GX      ;
; Allow Any RAM Size For Recognition                                         ; On                 ; Off                ;
; Allow Any ROM Size For Recognition                                         ; On                 ; Off                ;
; Use smart compilation                                                      ; Off                ; Off                ;
; Enable parallel Assembler and TimeQuest Timing Analyzer during compilation ; On                 ; On                 ;
; Enable compact report table                                                ; Off                ; Off                ;
; Restructure Multiplexers                                                   ; Auto               ; Auto               ;
; Create Debugging Nodes for IP Cores                                        ; Off                ; Off                ;
; Preserve fewer node names                                                  ; On                 ; On                 ;
; Disable OpenCore Plus hardware evaluation                                  ; Off                ; Off                ;
; Verilog Version                                                            ; Verilog_2001       ; Verilog_2001       ;
; VHDL Version                                                               ; VHDL_1993          ; VHDL_1993          ;
; State Machine Processing                                                   ; Auto               ; Auto               ;
; Safe State Machine                                                         ; Off                ; Off                ;
; Extract Verilog State Machines                                             ; On                 ; On                 ;
; Extract VHDL State Machines                                                ; On                 ; On                 ;
; Ignore Verilog initial constructs                                          ; Off                ; Off                ;
; Iteration limit for constant Verilog loops                                 ; 5000               ; 5000               ;
; Iteration limit for non-constant Verilog loops                             ; 250                ; 250                ;
; Add Pass-Through Logic to Inferred RAMs                                    ; On                 ; On                 ;
; Infer RAMs from Raw Logic                                                  ; On                 ; On                 ;
; Parallel Synthesis                                                         ; On                 ; On                 ;
; DSP Block Balancing                                                        ; Auto               ; Auto               ;
; NOT Gate Push-Back                                                         ; On                 ; On                 ;
; Power-Up Don't Care                                                        ; On                 ; On                 ;
; Remove Redundant Logic Cells                                               ; Off                ; Off                ;
; Remove Duplicate Registers                                                 ; On                 ; On                 ;
; Ignore CARRY Buffers                                                       ; Off                ; Off                ;
; Ignore CASCADE Buffers                                                     ; Off                ; Off                ;
; Ignore GLOBAL Buffers                                                      ; Off                ; Off                ;
; Ignore ROW GLOBAL Buffers                                                  ; Off                ; Off                ;
; Ignore LCELL Buffers                                                       ; Off                ; Off                ;
; Ignore SOFT Buffers                                                        ; On                 ; On                 ;
; Limit AHDL Integers to 32 Bits                                             ; Off                ; Off                ;
; Optimization Technique                                                     ; Balanced           ; Balanced           ;
; Carry Chain Length                                                         ; 70                 ; 70                 ;
; Auto Carry Chains                                                          ; On                 ; On                 ;
; Auto Open-Drain Pins                                                       ; On                 ; On                 ;
; Perform WYSIWYG Primitive Resynthesis                                      ; Off                ; Off                ;
; Auto ROM Replacement                                                       ; On                 ; On                 ;
; Auto RAM Replacement                                                       ; On                 ; On                 ;
; Auto Shift Register Replacement                                            ; Auto               ; Auto               ;
; Allow Shift Register Merging across Hierarchies                            ; Auto               ; Auto               ;
; Auto Clock Enable Replacement                                              ; On                 ; On                 ;
; Strict RAM Replacement                                                     ; Off                ; Off                ;
; Allow Synchronous Control Signals                                          ; On                 ; On                 ;
; Force Use of Synchronous Clear Signals                                     ; Off                ; Off                ;
; Auto RAM to Logic Cell Conversion                                          ; Off                ; Off                ;
; Auto Resource Sharing                                                      ; Off                ; Off                ;
; Allow Any Shift Register Size For Recognition                              ; Off                ; Off                ;
; Use LogicLock Constraints during Resource Balancing                        ; On                 ; On                 ;
; Ignore translate_off and synthesis_off directives                          ; Off                ; Off                ;
; Timing-Driven Synthesis                                                    ; Off                ; Off                ;
; Report Parameter Settings                                                  ; On                 ; On                 ;
; Report Source Assignments                                                  ; On                 ; On                 ;
; Report Connectivity Checks                                                 ; On                 ; On                 ;
; Ignore Maximum Fan-Out Assignments                                         ; Off                ; Off                ;
; Synchronization Register Chain Length                                      ; 2                  ; 2                  ;
; PowerPlay Power Optimization                                               ; Normal compilation ; Normal compilation ;
; HDL message level                                                          ; Level2             ; Level2             ;
; Suppress Register Optimization Related Messages                            ; Off                ; Off                ;
; Number of Removed Registers Reported in Synthesis Report                   ; 5000               ; 5000               ;
; Number of Swept Nodes Reported in Synthesis Report                         ; 5000               ; 5000               ;
; Number of Inverted Registers Reported in Synthesis Report                  ; 100                ; 100                ;
; Clock MUX Protection                                                       ; On                 ; On                 ;
; Auto Gated Clock Conversion                                                ; Off                ; Off                ;
; Block Design Naming                                                        ; Auto               ; Auto               ;
; SDC constraint protection                                                  ; Off                ; Off                ;
; Synthesis Effort                                                           ; Auto               ; Auto               ;
; Shift Register Replacement - Allow Asynchronous Clear Signal               ; On                 ; On                 ;
; Pre-Mapping Resynthesis Optimization                                       ; Off                ; Off                ;
; Analysis & Synthesis Message Level                                         ; Medium             ; Medium             ;
; Disable Register Merging Across Hierarchies                                ; Auto               ; Auto               ;
; Resource Aware Inference For Block RAM                                     ; On                 ; On                 ;
; Synthesis Seed                                                             ; 1                  ; 1                  ;
+----------------------------------------------------------------------------+--------------------+--------------------+


Parallel compilation was disabled, but you have multiple processors available. Enable parallel compilation to reduce compilation time.
+-------------------------------------+
; Parallel Compilation                ;
+----------------------------+--------+
; Processors                 ; Number ;
+----------------------------+--------+
; Number detected on machine ; 8      ;
; Maximum allowed            ; 1      ;
+----------------------------+--------+


+------------------------------------------------------------------------------------------------------------------------------------------------------------------------------------------------------------+
; Analysis & Synthesis Source Files Read                                                                                                                                                                     ;
+----------------------------------+-----------------+------------------------------+--------------------------------------------------------------------------------------------------------------+---------+
; File Name with User-Entered Path ; Used in Netlist ; File Type                    ; File Name with Absolute Path                                                                                 ; Library ;
+----------------------------------+-----------------+------------------------------+--------------------------------------------------------------------------------------------------------------+---------+
; DE1_TOP.v                        ; yes             ; User Verilog HDL File        ; /home/gustavof/pem/pem_shared/sistemas digitais/Projeto 3 - Processador 4 bits v2/DE1_TOP.v                  ;         ;
; data_ram.v                       ; yes             ; User Verilog HDL File        ; /home/gustavof/pem/pem_shared/sistemas digitais/Projeto 3 - Processador 4 bits v2/data_ram.v                 ;         ;
; subtrator.v                      ; yes             ; User Verilog HDL File        ; /home/gustavof/pem/pem_shared/sistemas digitais/Projeto 3 - Processador 4 bits v2/subtrator.v                ;         ;
; somador.v                        ; yes             ; User Verilog HDL File        ; /home/gustavof/pem/pem_shared/sistemas digitais/Projeto 3 - Processador 4 bits v2/somador.v                  ;         ;
; seg7.v                           ; yes             ; User Verilog HDL File        ; /home/gustavof/pem/pem_shared/sistemas digitais/Projeto 3 - Processador 4 bits v2/seg7.v                     ;         ;
; program_rom.v                    ; yes             ; User Verilog HDL File        ; /home/gustavof/pem/pem_shared/sistemas digitais/Projeto 3 - Processador 4 bits v2/program_rom.v              ;         ;
; processador.v                    ; yes             ; User Verilog HDL File        ; /home/gustavof/pem/pem_shared/sistemas digitais/Projeto 3 - Processador 4 bits v2/processador.v              ;         ;
; op_xor.v                         ; yes             ; User Verilog HDL File        ; /home/gustavof/pem/pem_shared/sistemas digitais/Projeto 3 - Processador 4 bits v2/op_xor.v                   ;         ;
; op_or.v                          ; yes             ; User Verilog HDL File        ; /home/gustavof/pem/pem_shared/sistemas digitais/Projeto 3 - Processador 4 bits v2/op_or.v                    ;         ;
; op_and.v                         ; yes             ; User Verilog HDL File        ; /home/gustavof/pem/pem_shared/sistemas digitais/Projeto 3 - Processador 4 bits v2/op_and.v                   ;         ;
; mult.v                           ; yes             ; User Verilog HDL File        ; /home/gustavof/pem/pem_shared/sistemas digitais/Projeto 3 - Processador 4 bits v2/mult.v                     ;         ;
; div.v                            ; yes             ; User Verilog HDL File        ; /home/gustavof/pem/pem_shared/sistemas digitais/Projeto 3 - Processador 4 bits v2/div.v                      ;         ;
; ula.v                            ; yes             ; User Verilog HDL File        ; /home/gustavof/pem/pem_shared/sistemas digitais/Projeto 3 - Processador 4 bits v2/ula.v                      ;         ;
; lpm_mult.tdf                     ; yes             ; Megafunction                 ; /opt/altera13.0sp1/quartus/libraries/megafunctions/lpm_mult.tdf                                              ;         ;
; aglobal130.inc                   ; yes             ; Megafunction                 ; /opt/altera13.0sp1/quartus/libraries/megafunctions/aglobal130.inc                                            ;         ;
; lpm_add_sub.inc                  ; yes             ; Megafunction                 ; /opt/altera13.0sp1/quartus/libraries/megafunctions/lpm_add_sub.inc                                           ;         ;
; multcore.inc                     ; yes             ; Megafunction                 ; /opt/altera13.0sp1/quartus/libraries/megafunctions/multcore.inc                                              ;         ;
; bypassff.inc                     ; yes             ; Megafunction                 ; /opt/altera13.0sp1/quartus/libraries/megafunctions/bypassff.inc                                              ;         ;
; altshift.inc                     ; yes             ; Megafunction                 ; /opt/altera13.0sp1/quartus/libraries/megafunctions/altshift.inc                                              ;         ;
; multcore.tdf                     ; yes             ; Megafunction                 ; /opt/altera13.0sp1/quartus/libraries/megafunctions/multcore.tdf                                              ;         ;
; csa_add.inc                      ; yes             ; Megafunction                 ; /opt/altera13.0sp1/quartus/libraries/megafunctions/csa_add.inc                                               ;         ;
; mpar_add.inc                     ; yes             ; Megafunction                 ; /opt/altera13.0sp1/quartus/libraries/megafunctions/mpar_add.inc                                              ;         ;
; muleabz.inc                      ; yes             ; Megafunction                 ; /opt/altera13.0sp1/quartus/libraries/megafunctions/muleabz.inc                                               ;         ;
; mul_lfrg.inc                     ; yes             ; Megafunction                 ; /opt/altera13.0sp1/quartus/libraries/megafunctions/mul_lfrg.inc                                              ;         ;
; mul_boothc.inc                   ; yes             ; Megafunction                 ; /opt/altera13.0sp1/quartus/libraries/megafunctions/mul_boothc.inc                                            ;         ;
; alt_ded_mult.inc                 ; yes             ; Megafunction                 ; /opt/altera13.0sp1/quartus/libraries/megafunctions/alt_ded_mult.inc                                          ;         ;
; alt_ded_mult_y.inc               ; yes             ; Megafunction                 ; /opt/altera13.0sp1/quartus/libraries/megafunctions/alt_ded_mult_y.inc                                        ;         ;
; dffpipe.inc                      ; yes             ; Megafunction                 ; /opt/altera13.0sp1/quartus/libraries/megafunctions/dffpipe.inc                                               ;         ;
; mpar_add.tdf                     ; yes             ; Megafunction                 ; /opt/altera13.0sp1/quartus/libraries/megafunctions/mpar_add.tdf                                              ;         ;
; lpm_add_sub.tdf                  ; yes             ; Megafunction                 ; /opt/altera13.0sp1/quartus/libraries/megafunctions/lpm_add_sub.tdf                                           ;         ;
; addcore.inc                      ; yes             ; Megafunction                 ; /opt/altera13.0sp1/quartus/libraries/megafunctions/addcore.inc                                               ;         ;
; look_add.inc                     ; yes             ; Megafunction                 ; /opt/altera13.0sp1/quartus/libraries/megafunctions/look_add.inc                                              ;         ;
; alt_stratix_add_sub.inc          ; yes             ; Megafunction                 ; /opt/altera13.0sp1/quartus/libraries/megafunctions/alt_stratix_add_sub.inc                                   ;         ;
; db/add_sub_07h.tdf               ; yes             ; Auto-Generated Megafunction  ; /home/gustavof/pem/pem_shared/sistemas digitais/Projeto 3 - Processador 4 bits v2/db/add_sub_07h.tdf         ;         ;
; db/add_sub_17h.tdf               ; yes             ; Auto-Generated Megafunction  ; /home/gustavof/pem/pem_shared/sistemas digitais/Projeto 3 - Processador 4 bits v2/db/add_sub_17h.tdf         ;         ;
; altshift.tdf                     ; yes             ; Megafunction                 ; /opt/altera13.0sp1/quartus/libraries/megafunctions/altshift.tdf                                              ;         ;
; lpm_divide.tdf                   ; yes             ; Megafunction                 ; /opt/altera13.0sp1/quartus/libraries/megafunctions/lpm_divide.tdf                                            ;         ;
; abs_divider.inc                  ; yes             ; Megafunction                 ; /opt/altera13.0sp1/quartus/libraries/megafunctions/abs_divider.inc                                           ;         ;
; sign_div_unsign.inc              ; yes             ; Megafunction                 ; /opt/altera13.0sp1/quartus/libraries/megafunctions/sign_div_unsign.inc                                       ;         ;
; db/lpm_divide_tcm.tdf            ; yes             ; Auto-Generated Megafunction  ; /home/gustavof/pem/pem_shared/sistemas digitais/Projeto 3 - Processador 4 bits v2/db/lpm_divide_tcm.tdf      ;         ;
; db/sign_div_unsign_7kh.tdf       ; yes             ; Auto-Generated Megafunction  ; /home/gustavof/pem/pem_shared/sistemas digitais/Projeto 3 - Processador 4 bits v2/db/sign_div_unsign_7kh.tdf ;         ;
; db/alt_u_div_gve.tdf             ; yes             ; Auto-Generated Megafunction  ; /home/gustavof/pem/pem_shared/sistemas digitais/Projeto 3 - Processador 4 bits v2/db/alt_u_div_gve.tdf       ;         ;
; db/add_sub_lkc.tdf               ; yes             ; Auto-Generated Megafunction  ; /home/gustavof/pem/pem_shared/sistemas digitais/Projeto 3 - Processador 4 bits v2/db/add_sub_lkc.tdf         ;         ;
; db/add_sub_mkc.tdf               ; yes             ; Auto-Generated Megafunction  ; /home/gustavof/pem/pem_shared/sistemas digitais/Projeto 3 - Processador 4 bits v2/db/add_sub_mkc.tdf         ;         ;
+----------------------------------+-----------------+------------------------------+--------------------------------------------------------------------------------------------------------------+---------+


+--------------------------------------------------------+
; Analysis & Synthesis Resource Usage Summary            ;
+---------------------------------------------+----------+
; Resource                                    ; Usage    ;
+---------------------------------------------+----------+
; Estimated Total logic elements              ; 175      ;
;                                             ;          ;
; Total combinational functions               ; 114      ;
; Logic element usage by number of LUT inputs ;          ;
;     -- 4 input functions                    ; 40       ;
;     -- 3 input functions                    ; 38       ;
;     -- <=2 input functions                  ; 36       ;
;                                             ;          ;
; Logic elements by mode                      ;          ;
;     -- normal mode                          ; 89       ;
;     -- arithmetic mode                      ; 25       ;
;                                             ;          ;
; Total registers                             ; 100      ;
;     -- Dedicated logic registers            ; 100      ;
;     -- I/O registers                        ; 0        ;
;                                             ;          ;
; I/O pins                                    ; 283      ;
; Embedded Multiplier 9-bit elements          ; 0        ;
; Maximum fan-out node                        ; CLOCK_50 ;
; Maximum fan-out                             ; 91       ;
; Total fan-out                               ; 663      ;
; Average fan-out                             ; 1.33     ;
+---------------------------------------------+----------+


+----------------------------------------------------------------------------------------------------------------------------------------------------------------------------------------------------------------------------------------------------------------------------------------------------------------------------------------------------------------------------------------+
; Analysis & Synthesis Resource Utilization by Entity                                                                                                                                                                                                                                                                                                                                    ;
+---------------------------------------------------------+-------------------+--------------+-------------+--------------+---------+-----------+------+--------------+---------------------------------------------------------------------------------------------------------------------------------------------------------------------------------------------------+--------------+
; Compilation Hierarchy Node                              ; LC Combinationals ; LC Registers ; Memory Bits ; DSP Elements ; DSP 9x9 ; DSP 18x18 ; Pins ; Virtual Pins ; Full Hierarchy Name                                                                                                                                                                               ; Library Name ;
+---------------------------------------------------------+-------------------+--------------+-------------+--------------+---------+-----------+------+--------------+---------------------------------------------------------------------------------------------------------------------------------------------------------------------------------------------------+--------------+
; |DE1_TOP                                                ; 114 (0)           ; 100 (0)      ; 0           ; 0            ; 0       ; 0         ; 283  ; 0            ; |DE1_TOP                                                                                                                                                                                          ; work         ;
;    |processador:processadorinstance|                    ; 114 (3)           ; 100 (40)     ; 0           ; 0            ; 0       ; 0         ; 0    ; 0            ; |DE1_TOP|processador:processadorinstance                                                                                                                                                          ; work         ;
;       |data_ram:draminstance|                           ; 0 (0)             ; 8 (8)        ; 0           ; 0            ; 0       ; 0         ; 0    ; 0            ; |DE1_TOP|processador:processadorinstance|data_ram:draminstance                                                                                                                                    ; work         ;
;       |program_rom:prominstance|                        ; 3 (3)             ; 3 (3)        ; 0           ; 0            ; 0       ; 0         ; 0    ; 0            ; |DE1_TOP|processador:processadorinstance|program_rom:prominstance                                                                                                                                 ; work         ;
;       |seg7:seg7instance|                               ; 26 (26)           ; 32 (32)      ; 0           ; 0            ; 0       ; 0         ; 0    ; 0            ; |DE1_TOP|processador:processadorinstance|seg7:seg7instance                                                                                                                                        ; work         ;
;       |ula:ulainstance|                                 ; 82 (27)           ; 17 (6)       ; 0           ; 0            ; 0       ; 0         ; 0    ; 0            ; |DE1_TOP|processador:processadorinstance|ula:ulainstance                                                                                                                                          ; work         ;
;          |div:divinstance|                              ; 19 (0)            ; 0 (0)        ; 0           ; 0            ; 0       ; 0         ; 0    ; 0            ; |DE1_TOP|processador:processadorinstance|ula:ulainstance|div:divinstance                                                                                                                          ; work         ;
;             |lpm_divide:Div0|                           ; 19 (0)            ; 0 (0)        ; 0           ; 0            ; 0       ; 0         ; 0    ; 0            ; |DE1_TOP|processador:processadorinstance|ula:ulainstance|div:divinstance|lpm_divide:Div0                                                                                                          ; work         ;
;                |lpm_divide_tcm:auto_generated|          ; 19 (0)            ; 0 (0)        ; 0           ; 0            ; 0       ; 0         ; 0    ; 0            ; |DE1_TOP|processador:processadorinstance|ula:ulainstance|div:divinstance|lpm_divide:Div0|lpm_divide_tcm:auto_generated                                                                            ; work         ;
;                   |sign_div_unsign_7kh:divider|         ; 19 (0)            ; 0 (0)        ; 0           ; 0            ; 0       ; 0         ; 0    ; 0            ; |DE1_TOP|processador:processadorinstance|ula:ulainstance|div:divinstance|lpm_divide:Div0|lpm_divide_tcm:auto_generated|sign_div_unsign_7kh:divider                                                ; work         ;
;                      |alt_u_div_gve:divider|            ; 19 (19)           ; 0 (0)        ; 0           ; 0            ; 0       ; 0         ; 0    ; 0            ; |DE1_TOP|processador:processadorinstance|ula:ulainstance|div:divinstance|lpm_divide:Div0|lpm_divide_tcm:auto_generated|sign_div_unsign_7kh:divider|alt_u_div_gve:divider                          ; work         ;
;          |mult:multinstance|                            ; 17 (0)            ; 0 (0)        ; 0           ; 0            ; 0       ; 0         ; 0    ; 0            ; |DE1_TOP|processador:processadorinstance|ula:ulainstance|mult:multinstance                                                                                                                        ; work         ;
;             |lpm_mult:Mult0|                            ; 17 (0)            ; 0 (0)        ; 0           ; 0            ; 0       ; 0         ; 0    ; 0            ; |DE1_TOP|processador:processadorinstance|ula:ulainstance|mult:multinstance|lpm_mult:Mult0                                                                                                         ; work         ;
;                |multcore:mult_core|                     ; 17 (9)            ; 0 (0)        ; 0           ; 0            ; 0       ; 0         ; 0    ; 0            ; |DE1_TOP|processador:processadorinstance|ula:ulainstance|mult:multinstance|lpm_mult:Mult0|multcore:mult_core                                                                                      ; work         ;
;                   |mpar_add:padder|                     ; 8 (0)             ; 0 (0)        ; 0           ; 0            ; 0       ; 0         ; 0    ; 0            ; |DE1_TOP|processador:processadorinstance|ula:ulainstance|mult:multinstance|lpm_mult:Mult0|multcore:mult_core|mpar_add:padder                                                                      ; work         ;
;                      |lpm_add_sub:adder[0]|             ; 4 (0)             ; 0 (0)        ; 0           ; 0            ; 0       ; 0         ; 0    ; 0            ; |DE1_TOP|processador:processadorinstance|ula:ulainstance|mult:multinstance|lpm_mult:Mult0|multcore:mult_core|mpar_add:padder|lpm_add_sub:adder[0]                                                 ; work         ;
;                         |add_sub_07h:auto_generated|    ; 4 (4)             ; 0 (0)        ; 0           ; 0            ; 0       ; 0         ; 0    ; 0            ; |DE1_TOP|processador:processadorinstance|ula:ulainstance|mult:multinstance|lpm_mult:Mult0|multcore:mult_core|mpar_add:padder|lpm_add_sub:adder[0]|add_sub_07h:auto_generated                      ; work         ;
;                      |mpar_add:sub_par_add|             ; 4 (0)             ; 0 (0)        ; 0           ; 0            ; 0       ; 0         ; 0    ; 0            ; |DE1_TOP|processador:processadorinstance|ula:ulainstance|mult:multinstance|lpm_mult:Mult0|multcore:mult_core|mpar_add:padder|mpar_add:sub_par_add                                                 ; work         ;
;                         |lpm_add_sub:adder[0]|          ; 4 (0)             ; 0 (0)        ; 0           ; 0            ; 0       ; 0         ; 0    ; 0            ; |DE1_TOP|processador:processadorinstance|ula:ulainstance|mult:multinstance|lpm_mult:Mult0|multcore:mult_core|mpar_add:padder|mpar_add:sub_par_add|lpm_add_sub:adder[0]                            ; work         ;
;                            |add_sub_17h:auto_generated| ; 4 (4)             ; 0 (0)        ; 0           ; 0            ; 0       ; 0         ; 0    ; 0            ; |DE1_TOP|processador:processadorinstance|ula:ulainstance|mult:multinstance|lpm_mult:Mult0|multcore:mult_core|mpar_add:padder|mpar_add:sub_par_add|lpm_add_sub:adder[0]|add_sub_17h:auto_generated ; work         ;
;          |op_xor:op_xorinstance|                        ; 2 (2)             ; 0 (0)        ; 0           ; 0            ; 0       ; 0         ; 0    ; 0            ; |DE1_TOP|processador:processadorinstance|ula:ulainstance|op_xor:op_xorinstance                                                                                                                    ; work         ;
;          |somador:somadorinstance|                      ; 5 (5)             ; 0 (0)        ; 0           ; 0            ; 0       ; 0         ; 0    ; 0            ; |DE1_TOP|processador:processadorinstance|ula:ulainstance|somador:somadorinstance                                                                                                                  ; work         ;
;          |subtrator:subtratorinstance|                  ; 12 (12)           ; 11 (11)      ; 0           ; 0            ; 0       ; 0         ; 0    ; 0            ; |DE1_TOP|processador:processadorinstance|ula:ulainstance|subtrator:subtratorinstance                                                                                                              ; work         ;
+---------------------------------------------------------+-------------------+--------------+-------------+--------------+---------+-----------+------+--------------+---------------------------------------------------------------------------------------------------------------------------------------------------------------------------------------------------+--------------+
Note: For table entries with two numbers listed, the numbers in parentheses indicate the number of resources of the given type used by the specific entity alone. The numbers listed outside of parentheses indicate the total resources of the given type used by the specific entity and all of its sub-entities in the hierarchy.


Encoding Type:  One-Hot
+----------------------------------------------------------------------------------------------+
; State Machine - |DE1_TOP|processador:processadorinstance|seg7:seg7instance|display_state     ;
+------------------+------------------+------------------+------------------+------------------+
; Name             ; display_state.11 ; display_state.10 ; display_state.01 ; display_state.00 ;
+------------------+------------------+------------------+------------------+------------------+
; display_state.00 ; 0                ; 0                ; 0                ; 0                ;
; display_state.01 ; 0                ; 0                ; 1                ; 1                ;
; display_state.10 ; 0                ; 1                ; 0                ; 1                ;
; display_state.11 ; 1                ; 0                ; 0                ; 1                ;
+------------------+------------------+------------------+------------------+------------------+


+-------------------------------------------------------------------------------------------------------------------------------+
; Registers Removed During Synthesis                                                                                            ;
+-----------------------------------------------------------------------+-------------------------------------------------------+
; Register name                                                         ; Reason for Removal                                    ;
+-----------------------------------------------------------------------+-------------------------------------------------------+
; processador:processadorinstance|addr_p[3]                             ; Stuck at GND due to stuck port data_in                ;
; processador:processadorinstance|ula:ulainstance|out_ula[6,7]          ; Stuck at GND due to stuck port data_in                ;
; processador:processadorinstance|program_rom:prominstance|addr_reg[3]  ; Stuck at GND due to stuck port data_in                ;
; processador:processadorinstance|disp1[2,3]                            ; Stuck at GND due to stuck port data_in                ;
; processador:processadorinstance|data[8..31]                           ; Lost fanout                                           ;
; processador:processadorinstance|addr_d[0..14]                         ; Stuck at GND due to stuck port data_in                ;
; processador:processadorinstance|data_ram:draminstance|addr_reg[0..14] ; Stuck at GND due to stuck port data_in                ;
; processador:processadorinstance|pc[0]                                 ; Merged with processador:processadorinstance|addr_p[0] ;
; processador:processadorinstance|addr_p[2]                             ; Merged with processador:processadorinstance|pc[2]     ;
; processador:processadorinstance|addr_p[1]                             ; Merged with processador:processadorinstance|pc[1]     ;
; processador:processadorinstance|opcode[3]                             ; Stuck at GND due to stuck port data_in                ;
; processador:processadorinstance|seg7:seg7instance|display_state~2     ; Lost fanout                                           ;
; processador:processadorinstance|seg7:seg7instance|display_state~3     ; Lost fanout                                           ;
; Total Number of Removed Registers = 66                                ;                                                       ;
+-----------------------------------------------------------------------+-------------------------------------------------------+


+----------------------------------------------------------------------------------------------------------------------------------------------------------------+
; Removed Registers Triggering Further Register Optimizations                                                                                                    ;
+------------------------------------------------------------+---------------------------+-----------------------------------------------------------------------+
; Register name                                              ; Reason for Removal        ; Registers Removed due to This Register                                ;
+------------------------------------------------------------+---------------------------+-----------------------------------------------------------------------+
; processador:processadorinstance|addr_p[3]                  ; Stuck at GND              ; processador:processadorinstance|program_rom:prominstance|addr_reg[3], ;
;                                                            ; due to stuck port data_in ; processador:processadorinstance|opcode[3]                             ;
; processador:processadorinstance|ula:ulainstance|out_ula[6] ; Stuck at GND              ; processador:processadorinstance|disp1[2]                              ;
;                                                            ; due to stuck port data_in ;                                                                       ;
; processador:processadorinstance|ula:ulainstance|out_ula[7] ; Stuck at GND              ; processador:processadorinstance|disp1[3]                              ;
;                                                            ; due to stuck port data_in ;                                                                       ;
; processador:processadorinstance|addr_d[14]                 ; Stuck at GND              ; processador:processadorinstance|data_ram:draminstance|addr_reg[14]    ;
;                                                            ; due to stuck port data_in ;                                                                       ;
; processador:processadorinstance|addr_d[13]                 ; Stuck at GND              ; processador:processadorinstance|data_ram:draminstance|addr_reg[13]    ;
;                                                            ; due to stuck port data_in ;                                                                       ;
; processador:processadorinstance|addr_d[12]                 ; Stuck at GND              ; processador:processadorinstance|data_ram:draminstance|addr_reg[12]    ;
;                                                            ; due to stuck port data_in ;                                                                       ;
; processador:processadorinstance|addr_d[11]                 ; Stuck at GND              ; processador:processadorinstance|data_ram:draminstance|addr_reg[11]    ;
;                                                            ; due to stuck port data_in ;                                                                       ;
; processador:processadorinstance|addr_d[10]                 ; Stuck at GND              ; processador:processadorinstance|data_ram:draminstance|addr_reg[10]    ;
;                                                            ; due to stuck port data_in ;                                                                       ;
; processador:processadorinstance|addr_d[9]                  ; Stuck at GND              ; processador:processadorinstance|data_ram:draminstance|addr_reg[9]     ;
;                                                            ; due to stuck port data_in ;                                                                       ;
; processador:processadorinstance|addr_d[8]                  ; Stuck at GND              ; processador:processadorinstance|data_ram:draminstance|addr_reg[8]     ;
;                                                            ; due to stuck port data_in ;                                                                       ;
; processador:processadorinstance|addr_d[7]                  ; Stuck at GND              ; processador:processadorinstance|data_ram:draminstance|addr_reg[7]     ;
;                                                            ; due to stuck port data_in ;                                                                       ;
; processador:processadorinstance|addr_d[6]                  ; Stuck at GND              ; processador:processadorinstance|data_ram:draminstance|addr_reg[6]     ;
;                                                            ; due to stuck port data_in ;                                                                       ;
; processador:processadorinstance|addr_d[5]                  ; Stuck at GND              ; processador:processadorinstance|data_ram:draminstance|addr_reg[5]     ;
;                                                            ; due to stuck port data_in ;                                                                       ;
; processador:processadorinstance|addr_d[4]                  ; Stuck at GND              ; processador:processadorinstance|data_ram:draminstance|addr_reg[4]     ;
;                                                            ; due to stuck port data_in ;                                                                       ;
; processador:processadorinstance|addr_d[3]                  ; Stuck at GND              ; processador:processadorinstance|data_ram:draminstance|addr_reg[3]     ;
;                                                            ; due to stuck port data_in ;                                                                       ;
; processador:processadorinstance|addr_d[2]                  ; Stuck at GND              ; processador:processadorinstance|data_ram:draminstance|addr_reg[2]     ;
;                                                            ; due to stuck port data_in ;                                                                       ;
; processador:processadorinstance|addr_d[1]                  ; Stuck at GND              ; processador:processadorinstance|data_ram:draminstance|addr_reg[1]     ;
;                                                            ; due to stuck port data_in ;                                                                       ;
; processador:processadorinstance|addr_d[0]                  ; Stuck at GND              ; processador:processadorinstance|data_ram:draminstance|addr_reg[0]     ;
;                                                            ; due to stuck port data_in ;                                                                       ;
+------------------------------------------------------------+---------------------------+-----------------------------------------------------------------------+


+------------------------------------------------------+
; General Register Statistics                          ;
+----------------------------------------------+-------+
; Statistic                                    ; Value ;
+----------------------------------------------+-------+
; Total registers                              ; 100   ;
; Number of registers using Synchronous Clear  ; 0     ;
; Number of registers using Synchronous Load   ; 0     ;
; Number of registers using Asynchronous Clear ; 40    ;
; Number of registers using Asynchronous Load  ; 0     ;
; Number of registers using Clock Enable       ; 52    ;
; Number of registers using Preset             ; 0     ;
+----------------------------------------------+-------+


+--------------------------------------------------+
; Inverted Register Statistics                     ;
+----------------------------------------+---------+
; Inverted Register                      ; Fan out ;
+----------------------------------------+---------+
; processador:processadorinstance|we_d   ; 8       ;
; Total number of inverted registers = 1 ;         ;
+----------------------------------------+---------+


+------------------------------------------------------------------------------------------------------------------------------------------------------------------------------------+
; Multiplexer Restructuring Statistics (Restructuring Performed)                                                                                                                     ;
+--------------------+-----------+---------------+----------------------+------------------------+------------+----------------------------------------------------------------------+
; Multiplexer Inputs ; Bus Width ; Baseline Area ; Area if Restructured ; Saving if Restructured ; Registered ; Example Multiplexer Output                                           ;
+--------------------+-----------+---------------+----------------------+------------------------+------------+----------------------------------------------------------------------+
; 9:1                ; 2 bits    ; 12 LEs        ; 8 LEs                ; 4 LEs                  ; Yes        ; |DE1_TOP|processador:processadorinstance|ula:ulainstance|out_ula[2]  ;
; 4:1                ; 2 bits    ; 4 LEs         ; 4 LEs                ; 0 LEs                  ; No         ; |DE1_TOP|processador:processadorinstance|seg7:seg7instance|Selector0 ;
; 4:1                ; 2 bits    ; 4 LEs         ; 4 LEs                ; 0 LEs                  ; No         ; |DE1_TOP|processador:processadorinstance|seg7:seg7instance|Selector2 ;
+--------------------+-----------+---------------+----------------------+------------------------+------------+----------------------------------------------------------------------+


+-------------------------------------------------------------------------------------------------------+
; Parameter Settings for User Entity Instance: processador:processadorinstance|program_rom:prominstance ;
+----------------+-------+------------------------------------------------------------------------------+
; Parameter Name ; Value ; Type                                                                         ;
+----------------+-------+------------------------------------------------------------------------------+
; SOMA           ; 0001  ; Unsigned Binary                                                              ;
; SUBTRACAO      ; 0010  ; Unsigned Binary                                                              ;
; MULT           ; 0011  ; Unsigned Binary                                                              ;
; DIV            ; 0100  ; Unsigned Binary                                                              ;
; AND            ; 0101  ; Unsigned Binary                                                              ;
; OR             ; 0110  ; Unsigned Binary                                                              ;
; XOR            ; 0111  ; Unsigned Binary                                                              ;
+----------------+-------+------------------------------------------------------------------------------+
Note: In order to hide this table in the UI and the text report file, please set the "Show Parameter Settings in Synthesis Report" option in "Analysis and Synthesis Settings -> More Settings" to "Off".


+----------------------------------------------------------------------------------------------------+
; Parameter Settings for User Entity Instance: processador:processadorinstance|data_ram:draminstance ;
+----------------+-------+---------------------------------------------------------------------------+
; Parameter Name ; Value ; Type                                                                      ;
+----------------+-------+---------------------------------------------------------------------------+
; DATA_WIDTH     ; 32    ; Signed Integer                                                            ;
; ADDR_WIDTH     ; 15    ; Signed Integer                                                            ;
+----------------+-------+---------------------------------------------------------------------------+
Note: In order to hide this table in the UI and the text report file, please set the "Show Parameter Settings in Synthesis Report" option in "Analysis and Synthesis Settings -> More Settings" to "Off".


+-----------------------------------------------------------------------------------------------------------------------------------+
; Parameter Settings for Inferred Entity Instance: processador:processadorinstance|ula:ulainstance|mult:multinstance|lpm_mult:Mult0 ;
+------------------------------------------------+------------+---------------------------------------------------------------------+
; Parameter Name                                 ; Value      ; Type                                                                ;
+------------------------------------------------+------------+---------------------------------------------------------------------+
; AUTO_CARRY_CHAINS                              ; ON         ; AUTO_CARRY                                                          ;
; IGNORE_CARRY_BUFFERS                           ; OFF        ; IGNORE_CARRY                                                        ;
; AUTO_CASCADE_CHAINS                            ; ON         ; AUTO_CASCADE                                                        ;
; IGNORE_CASCADE_BUFFERS                         ; OFF        ; IGNORE_CASCADE                                                      ;
; LPM_WIDTHA                                     ; 3          ; Untyped                                                             ;
; LPM_WIDTHB                                     ; 3          ; Untyped                                                             ;
; LPM_WIDTHP                                     ; 6          ; Untyped                                                             ;
; LPM_WIDTHR                                     ; 6          ; Untyped                                                             ;
; LPM_WIDTHS                                     ; 1          ; Untyped                                                             ;
; LPM_REPRESENTATION                             ; UNSIGNED   ; Untyped                                                             ;
; LPM_PIPELINE                                   ; 0          ; Untyped                                                             ;
; LATENCY                                        ; 0          ; Untyped                                                             ;
; INPUT_A_IS_CONSTANT                            ; NO         ; Untyped                                                             ;
; INPUT_B_IS_CONSTANT                            ; NO         ; Untyped                                                             ;
; USE_EAB                                        ; OFF        ; Untyped                                                             ;
; MAXIMIZE_SPEED                                 ; 5          ; Untyped                                                             ;
; DEVICE_FAMILY                                  ; Cyclone II ; Untyped                                                             ;
; CARRY_CHAIN                                    ; MANUAL     ; Untyped                                                             ;
; APEX20K_TECHNOLOGY_MAPPER                      ; LUT        ; TECH_MAPPER_APEX20K                                                 ;
; DEDICATED_MULTIPLIER_CIRCUITRY                 ; AUTO       ; Untyped                                                             ;
; DEDICATED_MULTIPLIER_MIN_INPUT_WIDTH_FOR_AUTO  ; 0          ; Untyped                                                             ;
; DEDICATED_MULTIPLIER_MIN_OUTPUT_WIDTH_FOR_AUTO ; 0          ; Untyped                                                             ;
; CBXI_PARAMETER                                 ; NOTHING    ; Untyped                                                             ;
; INPUT_A_FIXED_VALUE                            ; Bx         ; Untyped                                                             ;
; INPUT_B_FIXED_VALUE                            ; Bx         ; Untyped                                                             ;
; USE_AHDL_IMPLEMENTATION                        ; OFF        ; Untyped                                                             ;
+------------------------------------------------+------------+---------------------------------------------------------------------+
Note: In order to hide this table in the UI and the text report file, please set the "Show Parameter Settings in Synthesis Report" option in "Analysis and Synthesis Settings -> More Settings" to "Off".


+----------------------------------------------------------------------------------------------------------------------------------+
; Parameter Settings for Inferred Entity Instance: processador:processadorinstance|ula:ulainstance|div:divinstance|lpm_divide:Div0 ;
+------------------------+----------------+----------------------------------------------------------------------------------------+
; Parameter Name         ; Value          ; Type                                                                                   ;
+------------------------+----------------+----------------------------------------------------------------------------------------+
; LPM_WIDTHN             ; 4              ; Untyped                                                                                ;
; LPM_WIDTHD             ; 4              ; Untyped                                                                                ;
; LPM_NREPRESENTATION    ; UNSIGNED       ; Untyped                                                                                ;
; LPM_DREPRESENTATION    ; UNSIGNED       ; Untyped                                                                                ;
; LPM_PIPELINE           ; 0              ; Untyped                                                                                ;
; LPM_REMAINDERPOSITIVE  ; TRUE           ; Untyped                                                                                ;
; MAXIMIZE_SPEED         ; 5              ; Untyped                                                                                ;
; CBXI_PARAMETER         ; lpm_divide_tcm ; Untyped                                                                                ;
; CARRY_CHAIN            ; MANUAL         ; Untyped                                                                                ;
; OPTIMIZE_FOR_SPEED     ; 5              ; Untyped                                                                                ;
; AUTO_CARRY_CHAINS      ; ON             ; AUTO_CARRY                                                                             ;
; IGNORE_CARRY_BUFFERS   ; OFF            ; IGNORE_CARRY                                                                           ;
; AUTO_CASCADE_CHAINS    ; ON             ; AUTO_CASCADE                                                                           ;
; IGNORE_CASCADE_BUFFERS ; OFF            ; IGNORE_CASCADE                                                                         ;
+------------------------+----------------+----------------------------------------------------------------------------------------+
Note: In order to hide this table in the UI and the text report file, please set the "Show Parameter Settings in Synthesis Report" option in "Analysis and Synthesis Settings -> More Settings" to "Off".


+--------------------------------------------------------------------------------------------------------------------------+
; lpm_mult Parameter Settings by Entity Instance                                                                           ;
+---------------------------------------+----------------------------------------------------------------------------------+
; Name                                  ; Value                                                                            ;
+---------------------------------------+----------------------------------------------------------------------------------+
; Number of entity instances            ; 1                                                                                ;
; Entity Instance                       ; processador:processadorinstance|ula:ulainstance|mult:multinstance|lpm_mult:Mult0 ;
;     -- LPM_WIDTHA                     ; 3                                                                                ;
;     -- LPM_WIDTHB                     ; 3                                                                                ;
;     -- LPM_WIDTHP                     ; 6                                                                                ;
;     -- LPM_REPRESENTATION             ; UNSIGNED                                                                         ;
;     -- INPUT_A_IS_CONSTANT            ; NO                                                                               ;
;     -- INPUT_B_IS_CONSTANT            ; NO                                                                               ;
;     -- USE_EAB                        ; OFF                                                                              ;
;     -- DEDICATED_MULTIPLIER_CIRCUITRY ; AUTO                                                                             ;
;     -- INPUT_A_FIXED_VALUE            ; Bx                                                                               ;
;     -- INPUT_B_FIXED_VALUE            ; Bx                                                                               ;
+---------------------------------------+----------------------------------------------------------------------------------+


+------------------------------------------------------------------------------------------------------------------------------------------------------------+
; Port Connectivity Checks: "processador:processadorinstance|seg7:seg7instance"                                                                              ;
+----------+--------+----------+-----------------------------------------------------------------------------------------------------------------------------+
; Port     ; Type   ; Severity ; Details                                                                                                                     ;
+----------+--------+----------+-----------------------------------------------------------------------------------------------------------------------------+
; hex_out0 ; Output ; Warning  ; Output or bidir port (8 bits) is wider than the port expression (7 bits) it drives; bit(s) "hex_out0[7..7]" have no fanouts ;
; hex_out1 ; Output ; Warning  ; Output or bidir port (8 bits) is wider than the port expression (7 bits) it drives; bit(s) "hex_out1[7..7]" have no fanouts ;
; hex_out2 ; Output ; Warning  ; Output or bidir port (8 bits) is wider than the port expression (7 bits) it drives; bit(s) "hex_out2[7..7]" have no fanouts ;
; hex_out3 ; Output ; Warning  ; Output or bidir port (8 bits) is wider than the port expression (7 bits) it drives; bit(s) "hex_out3[7..7]" have no fanouts ;
+----------+--------+----------+-----------------------------------------------------------------------------------------------------------------------------+


+------------------------------------------------------------------------------------------------------------------------------------------------------------------------------------------------------------+
; Port Connectivity Checks: "processador:processadorinstance|ula:ulainstance|op_xor:op_xorinstance"                                                                                                          ;
+------+-------+----------+----------------------------------------------------------------------------------------------------------------------------------------------------------------------------------+
; Port ; Type  ; Severity ; Details                                                                                                                                                                          ;
+------+-------+----------+----------------------------------------------------------------------------------------------------------------------------------------------------------------------------------+
; a    ; Input ; Warning  ; Input port expression (4 bits) is wider than the input port (3 bits) it drives.  The 1 most-significant bit(s) in the expression will be dangling if they have no other fanouts. ;
; b    ; Input ; Warning  ; Input port expression (4 bits) is wider than the input port (3 bits) it drives.  The 1 most-significant bit(s) in the expression will be dangling if they have no other fanouts. ;
+------+-------+----------+----------------------------------------------------------------------------------------------------------------------------------------------------------------------------------+


+------------------------------------------------------------------------------------------------------------------------------------------------------------------------------------------------------------+
; Port Connectivity Checks: "processador:processadorinstance|ula:ulainstance|op_or:op_orinstance"                                                                                                            ;
+------+-------+----------+----------------------------------------------------------------------------------------------------------------------------------------------------------------------------------+
; Port ; Type  ; Severity ; Details                                                                                                                                                                          ;
+------+-------+----------+----------------------------------------------------------------------------------------------------------------------------------------------------------------------------------+
; a    ; Input ; Warning  ; Input port expression (4 bits) is wider than the input port (3 bits) it drives.  The 1 most-significant bit(s) in the expression will be dangling if they have no other fanouts. ;
; b    ; Input ; Warning  ; Input port expression (4 bits) is wider than the input port (3 bits) it drives.  The 1 most-significant bit(s) in the expression will be dangling if they have no other fanouts. ;
+------+-------+----------+----------------------------------------------------------------------------------------------------------------------------------------------------------------------------------+


+------------------------------------------------------------------------------------------------------------------------------------------------------------------------------------------------------------+
; Port Connectivity Checks: "processador:processadorinstance|ula:ulainstance|op_and:op_andinstance"                                                                                                          ;
+------+-------+----------+----------------------------------------------------------------------------------------------------------------------------------------------------------------------------------+
; Port ; Type  ; Severity ; Details                                                                                                                                                                          ;
+------+-------+----------+----------------------------------------------------------------------------------------------------------------------------------------------------------------------------------+
; a    ; Input ; Warning  ; Input port expression (4 bits) is wider than the input port (3 bits) it drives.  The 1 most-significant bit(s) in the expression will be dangling if they have no other fanouts. ;
; b    ; Input ; Warning  ; Input port expression (4 bits) is wider than the input port (3 bits) it drives.  The 1 most-significant bit(s) in the expression will be dangling if they have no other fanouts. ;
+------+-------+----------+----------------------------------------------------------------------------------------------------------------------------------------------------------------------------------+


+-------------------------------------------------------------------------------------------------------------------------------------------------------------------------------------------------------------+
; Port Connectivity Checks: "processador:processadorinstance|ula:ulainstance|mult:multinstance"                                                                                                               ;
+------+--------+----------+----------------------------------------------------------------------------------------------------------------------------------------------------------------------------------+
; Port ; Type   ; Severity ; Details                                                                                                                                                                          ;
+------+--------+----------+----------------------------------------------------------------------------------------------------------------------------------------------------------------------------------+
; a    ; Input  ; Warning  ; Input port expression (4 bits) is wider than the input port (3 bits) it drives.  The 1 most-significant bit(s) in the expression will be dangling if they have no other fanouts. ;
; b    ; Input  ; Warning  ; Input port expression (4 bits) is wider than the input port (3 bits) it drives.  The 1 most-significant bit(s) in the expression will be dangling if they have no other fanouts. ;
; out  ; Output ; Warning  ; Output or bidir port (9 bits) is wider than the port expression (8 bits) it drives; bit(s) "out[8..8]" have no fanouts                                                           ;
+------+--------+----------+----------------------------------------------------------------------------------------------------------------------------------------------------------------------------------+


+---------------------------------------------------------------------------------------------------------------------------+
; Port Connectivity Checks: "processador:processadorinstance|data_ram:draminstance"                                         ;
+-----------------+--------+----------+-------------------------------------------------------------------------------------+
; Port            ; Type   ; Severity ; Details                                                                             ;
+-----------------+--------+----------+-------------------------------------------------------------------------------------+
; out_dram[31..8] ; Output ; Info     ; Connected to dangling logic. Logic that only feeds a dangling port will be removed. ;
+-----------------+--------+----------+-------------------------------------------------------------------------------------+


+----------------------------------------------------------------------------------------------------------------------------------------------------------------------------------------------------+
; Port Connectivity Checks: "processador:processadorinstance"                                                                                                                                        ;
+-------+--------+----------+------------------------------------------------------------------------------------------------------------------------------------------------------------------------+
; Port  ; Type   ; Severity ; Details                                                                                                                                                                ;
+-------+--------+----------+------------------------------------------------------------------------------------------------------------------------------------------------------------------------+
; LEDG  ; Output ; Warning  ; Output or bidir port (3 bits) is smaller than the port expression (8 bits) it drives.  The 5 most-significant bit(s) in the port expression will be connected to GND.  ;
; LEDR  ; Output ; Warning  ; Output or bidir port (8 bits) is smaller than the port expression (10 bits) it drives.  The 2 most-significant bit(s) in the port expression will be connected to GND. ;
; disp0 ; Output ; Warning  ; Declared by entity but not connected by instance. Logic that only feeds a dangling port will be removed.                                                               ;
; disp1 ; Output ; Warning  ; Declared by entity but not connected by instance. Logic that only feeds a dangling port will be removed.                                                               ;
; disp2 ; Output ; Warning  ; Declared by entity but not connected by instance. Logic that only feeds a dangling port will be removed.                                                               ;
; disp3 ; Output ; Warning  ; Declared by entity but not connected by instance. Logic that only feeds a dangling port will be removed.                                                               ;
+-------+--------+----------+------------------------------------------------------------------------------------------------------------------------------------------------------------------------+


+-------------------------------+
; Elapsed Time Per Partition    ;
+----------------+--------------+
; Partition Name ; Elapsed Time ;
+----------------+--------------+
; Top            ; 00:00:00     ;
+----------------+--------------+


+-------------------------------+
; Analysis & Synthesis Messages ;
+-------------------------------+
Info: *******************************************************************
Info: Running Quartus II 64-Bit Analysis & Synthesis
    Info: Version 13.0.1 Build 232 06/12/2013 Service Pack 1.78 SJ Web Edition
    Info: Processing started: Wed Nov 16 21:48:14 2016
Info: Command: quartus_map --read_settings_files=on --write_settings_files=off processador -c processador
Warning (20028): Parallel compilation is not licensed and has been disabled
Info (12021): Found 1 design units, including 1 entities, in source file DE1_TOP.v
    Info (12023): Found entity 1: DE1_TOP
Info (12021): Found 1 design units, including 1 entities, in source file data_ram.v
    Info (12023): Found entity 1: data_ram
Info (12021): Found 1 design units, including 1 entities, in source file subtrator.v
    Info (12023): Found entity 1: subtrator
Info (12021): Found 1 design units, including 1 entities, in source file somador.v
    Info (12023): Found entity 1: somador
Info (12021): Found 1 design units, including 1 entities, in source file seg7.v
    Info (12023): Found entity 1: seg7
Info (12021): Found 1 design units, including 1 entities, in source file program_rom.v
    Info (12023): Found entity 1: program_rom
Info (12021): Found 1 design units, including 1 entities, in source file processador.v
    Info (12023): Found entity 1: processador
Info (12021): Found 1 design units, including 1 entities, in source file op_xor.v
    Info (12023): Found entity 1: op_xor
Info (12021): Found 1 design units, including 1 entities, in source file op_or.v
    Info (12023): Found entity 1: op_or
Info (12021): Found 1 design units, including 1 entities, in source file op_and.v
    Info (12023): Found entity 1: op_and
Info (12021): Found 1 design units, including 1 entities, in source file mult.v
    Info (12023): Found entity 1: mult
Info (12021): Found 1 design units, including 1 entities, in source file div.v
    Info (12023): Found entity 1: div
Info (12021): Found 1 design units, including 1 entities, in source file ula.v
    Info (12023): Found entity 1: ula
Info (12127): Elaborating entity "DE1_TOP" for the top level hierarchy
Warning (10034): Output port "DRAM_ADDR" at DE1_TOP.v(149) has no driver
Warning (10034): Output port "FL_ADDR" at DE1_TOP.v(162) has no driver
Warning (10034): Output port "SRAM_ADDR" at DE1_TOP.v(169) has no driver
Warning (10034): Output port "VGA_R" at DE1_TOP.v(194) has no driver
Warning (10034): Output port "VGA_G" at DE1_TOP.v(195) has no driver
Warning (10034): Output port "VGA_B" at DE1_TOP.v(196) has no driver
Warning (10034): Output port "UART_TXD" at DE1_TOP.v(145) has no driver
Warning (10034): Output port "DRAM_LDQM" at DE1_TOP.v(150) has no driver
Warning (10034): Output port "DRAM_UDQM" at DE1_TOP.v(151) has no driver
Warning (10034): Output port "DRAM_WE_N" at DE1_TOP.v(152) has no driver
Warning (10034): Output port "DRAM_CAS_N" at DE1_TOP.v(153) has no driver
Warning (10034): Output port "DRAM_RAS_N" at DE1_TOP.v(154) has no driver
Warning (10034): Output port "DRAM_CS_N" at DE1_TOP.v(155) has no driver
Warning (10034): Output port "DRAM_BA_0" at DE1_TOP.v(156) has no driver
Warning (10034): Output port "DRAM_BA_1" at DE1_TOP.v(157) has no driver
Warning (10034): Output port "DRAM_CLK" at DE1_TOP.v(158) has no driver
Warning (10034): Output port "DRAM_CKE" at DE1_TOP.v(159) has no driver
Warning (10034): Output port "FL_WE_N" at DE1_TOP.v(163) has no driver
Warning (10034): Output port "FL_RST_N" at DE1_TOP.v(164) has no driver
Warning (10034): Output port "FL_OE_N" at DE1_TOP.v(165) has no driver
Warning (10034): Output port "FL_CE_N" at DE1_TOP.v(166) has no driver
Warning (10034): Output port "SRAM_UB_N" at DE1_TOP.v(170) has no driver
Warning (10034): Output port "SRAM_LB_N" at DE1_TOP.v(171) has no driver
Warning (10034): Output port "SRAM_WE_N" at DE1_TOP.v(172) has no driver
Warning (10034): Output port "SRAM_CE_N" at DE1_TOP.v(173) has no driver
Warning (10034): Output port "SRAM_OE_N" at DE1_TOP.v(174) has no driver
Warning (10034): Output port "SD_CLK" at DE1_TOP.v(179) has no driver
Warning (10034): Output port "TDO" at DE1_TOP.v(190) has no driver
Warning (10034): Output port "I2C_SCLK" at DE1_TOP.v(182) has no driver
Warning (10034): Output port "VGA_HS" at DE1_TOP.v(192) has no driver
Warning (10034): Output port "VGA_VS" at DE1_TOP.v(193) has no driver
Warning (10034): Output port "AUD_DACDAT" at DE1_TOP.v(201) has no driver
Warning (10034): Output port "AUD_XCK" at DE1_TOP.v(203) has no driver
Info (12128): Elaborating entity "processador" for hierarchy "processador:processadorinstance"
Warning (10230): Verilog HDL assignment warning at processador.v(99): truncated value with size 32 to match size of target (8)
Warning (10230): Verilog HDL assignment warning at processador.v(122): truncated value with size 32 to match size of target (3)
Warning (10230): Verilog HDL assignment warning at processador.v(128): truncated value with size 4 to match size of target (3)
Info (12128): Elaborating entity "program_rom" for hierarchy "processador:processadorinstance|program_rom:prominstance"
Warning (10030): Net "prom.data_a" at program_rom.v(16) has no driver or initial value, using a default initial value '0'
Warning (10030): Net "prom.waddr_a" at program_rom.v(16) has no driver or initial value, using a default initial value '0'
Warning (10030): Net "prom.we_a" at program_rom.v(16) has no driver or initial value, using a default initial value '0'
Info (12128): Elaborating entity "data_ram" for hierarchy "processador:processadorinstance|data_ram:draminstance"
Info (12128): Elaborating entity "ula" for hierarchy "processador:processadorinstance|ula:ulainstance"
Info (12128): Elaborating entity "somador" for hierarchy "processador:processadorinstance|ula:ulainstance|somador:somadorinstance"
Info (12128): Elaborating entity "subtrator" for hierarchy "processador:processadorinstance|ula:ulainstance|subtrator:subtratorinstance"
Info (12128): Elaborating entity "mult" for hierarchy "processador:processadorinstance|ula:ulainstance|mult:multinstance"
Info (12128): Elaborating entity "op_and" for hierarchy "processador:processadorinstance|ula:ulainstance|op_and:op_andinstance"
Info (12128): Elaborating entity "op_or" for hierarchy "processador:processadorinstance|ula:ulainstance|op_or:op_orinstance"
Info (12128): Elaborating entity "op_xor" for hierarchy "processador:processadorinstance|ula:ulainstance|op_xor:op_xorinstance"
Info (12128): Elaborating entity "div" for hierarchy "processador:processadorinstance|ula:ulainstance|div:divinstance"
Info (12128): Elaborating entity "seg7" for hierarchy "processador:processadorinstance|seg7:seg7instance"
Info (276014): Found 1 instances of uninferred RAM logic
    Info (276004): RAM logic "processador:processadorinstance|data_ram:draminstance|dram" is uninferred due to inappropriate RAM size
Warning (127007): Memory Initialization File or Hexadecimal (Intel-Format) File "/home/gustavof/pem/pem_shared/sistemas digitais/Projeto 3 - Processador 4 bits v2/db/processador.ram0_program_rom_6a6cc5b0.hdl.mif" contains "don't care" values -- overwriting them with 0s
Info (278001): Inferred 2 megafunctions from design logic
    Info (278003): Inferred multiplier megafunction ("lpm_mult") from the following logic: "processador:processadorinstance|ula:ulainstance|mult:multinstance|Mult0"
    Info (278004): Inferred divider/modulo megafunction ("lpm_divide") from the following logic: "processador:processadorinstance|ula:ulainstance|div:divinstance|Div0"
Info (12130): Elaborated megafunction instantiation "processador:processadorinstance|ula:ulainstance|mult:multinstance|lpm_mult:Mult0"
Info (12133): Instantiated megafunction "processador:processadorinstance|ula:ulainstance|mult:multinstance|lpm_mult:Mult0" with the following parameter:
    Info (12134): Parameter "LPM_WIDTHA" = "3"
    Info (12134): Parameter "LPM_WIDTHB" = "3"
    Info (12134): Parameter "LPM_WIDTHP" = "6"
    Info (12134): Parameter "LPM_WIDTHR" = "6"
    Info (12134): Parameter "LPM_WIDTHS" = "1"
    Info (12134): Parameter "LPM_REPRESENTATION" = "UNSIGNED"
    Info (12134): Parameter "INPUT_A_IS_CONSTANT" = "NO"
    Info (12134): Parameter "INPUT_B_IS_CONSTANT" = "NO"
    Info (12134): Parameter "MAXIMIZE_SPEED" = "5"
Info (12131): Elaborated megafunction instantiation "processador:processadorinstance|ula:ulainstance|mult:multinstance|lpm_mult:Mult0|multcore:mult_core", which is child of megafunction instantiation "processador:processadorinstance|ula:ulainstance|mult:multinstance|lpm_mult:Mult0"
Info (12131): Elaborated megafunction instantiation "processador:processadorinstance|ula:ulainstance|mult:multinstance|lpm_mult:Mult0|multcore:mult_core|mpar_add:padder", which is child of megafunction instantiation "processador:processadorinstance|ula:ulainstance|mult:multinstance|lpm_mult:Mult0"
Info (12131): Elaborated megafunction instantiation "processador:processadorinstance|ula:ulainstance|mult:multinstance|lpm_mult:Mult0|multcore:mult_core|mpar_add:padder|lpm_add_sub:adder[0]", which is child of megafunction instantiation "processador:processadorinstance|ula:ulainstance|mult:multinstance|lpm_mult:Mult0"
Info (12021): Found 1 design units, including 1 entities, in source file db/add_sub_07h.tdf
    Info (12023): Found entity 1: add_sub_07h
Info (12131): Elaborated megafunction instantiation "processador:processadorinstance|ula:ulainstance|mult:multinstance|lpm_mult:Mult0|multcore:mult_core|mpar_add:padder|mpar_add:sub_par_add", which is child of megafunction instantiation "processador:processadorinstance|ula:ulainstance|mult:multinstance|lpm_mult:Mult0"
Info (12131): Elaborated megafunction instantiation "processador:processadorinstance|ula:ulainstance|mult:multinstance|lpm_mult:Mult0|multcore:mult_core|mpar_add:padder|mpar_add:sub_par_add|lpm_add_sub:adder[0]", which is child of megafunction instantiation "processador:processadorinstance|ula:ulainstance|mult:multinstance|lpm_mult:Mult0"
Info (12021): Found 1 design units, including 1 entities, in source file db/add_sub_17h.tdf
    Info (12023): Found entity 1: add_sub_17h
Info (12131): Elaborated megafunction instantiation "processador:processadorinstance|ula:ulainstance|mult:multinstance|lpm_mult:Mult0|altshift:external_latency_ffs", which is child of megafunction instantiation "processador:processadorinstance|ula:ulainstance|mult:multinstance|lpm_mult:Mult0"
Info (12130): Elaborated megafunction instantiation "processador:processadorinstance|ula:ulainstance|div:divinstance|lpm_divide:Div0"
Info (12133): Instantiated megafunction "processador:processadorinstance|ula:ulainstance|div:divinstance|lpm_divide:Div0" with the following parameter:
    Info (12134): Parameter "LPM_WIDTHN" = "4"
    Info (12134): Parameter "LPM_WIDTHD" = "4"
    Info (12134): Parameter "LPM_NREPRESENTATION" = "UNSIGNED"
    Info (12134): Parameter "LPM_DREPRESENTATION" = "UNSIGNED"
Info (12021): Found 1 design units, including 1 entities, in source file db/lpm_divide_tcm.tdf
    Info (12023): Found entity 1: lpm_divide_tcm
Info (12021): Found 1 design units, including 1 entities, in source file db/sign_div_unsign_7kh.tdf
    Info (12023): Found entity 1: sign_div_unsign_7kh
Info (12021): Found 1 design units, including 1 entities, in source file db/alt_u_div_gve.tdf
    Info (12023): Found entity 1: alt_u_div_gve
Info (12021): Found 1 design units, including 1 entities, in source file db/add_sub_lkc.tdf
    Info (12023): Found entity 1: add_sub_lkc
Info (12021): Found 1 design units, including 1 entities, in source file db/add_sub_mkc.tdf
    Info (12023): Found entity 1: add_sub_mkc
Warning (12241): 6 hierarchies have connectivity warnings - see the Connectivity Checks report folder
Warning (13039): The following bidir pins have no drivers
    Warning (13040): Bidir "SD_DAT3" has no driver
    Warning (13040): Bidir "SD_CMD" has no driver
Info (13000): Registers with preset signals will power-up high
Info (13003): DEV_CLRn pin will set, and not reset, register with preset signal due to NOT Gate Push-Back
Warning (13024): Output pins are stuck at VCC or GND
    Warning (13410): Pin "LEDG[3]" is stuck at GND
    Warning (13410): Pin "LEDG[4]" is stuck at GND
    Warning (13410): Pin "LEDG[5]" is stuck at GND
    Warning (13410): Pin "LEDG[6]" is stuck at GND
    Warning (13410): Pin "LEDG[7]" is stuck at GND
    Warning (13410): Pin "LEDR[8]" is stuck at GND
    Warning (13410): Pin "LEDR[9]" is stuck at GND
    Warning (13410): Pin "UART_TXD" is stuck at GND
    Warning (13410): Pin "DRAM_ADDR[0]" is stuck at GND
    Warning (13410): Pin "DRAM_ADDR[1]" is stuck at GND
    Warning (13410): Pin "DRAM_ADDR[2]" is stuck at GND
    Warning (13410): Pin "DRAM_ADDR[3]" is stuck at GND
    Warning (13410): Pin "DRAM_ADDR[4]" is stuck at GND
    Warning (13410): Pin "DRAM_ADDR[5]" is stuck at GND
    Warning (13410): Pin "DRAM_ADDR[6]" is stuck at GND
    Warning (13410): Pin "DRAM_ADDR[7]" is stuck at GND
    Warning (13410): Pin "DRAM_ADDR[8]" is stuck at GND
    Warning (13410): Pin "DRAM_ADDR[9]" is stuck at GND
    Warning (13410): Pin "DRAM_ADDR[10]" is stuck at GND
    Warning (13410): Pin "DRAM_ADDR[11]" is stuck at GND
    Warning (13410): Pin "DRAM_LDQM" is stuck at GND
    Warning (13410): Pin "DRAM_UDQM" is stuck at GND
    Warning (13410): Pin "DRAM_WE_N" is stuck at GND
    Warning (13410): Pin "DRAM_CAS_N" is stuck at GND
    Warning (13410): Pin "DRAM_RAS_N" is stuck at GND
    Warning (13410): Pin "DRAM_CS_N" is stuck at GND
    Warning (13410): Pin "DRAM_BA_0" is stuck at GND
    Warning (13410): Pin "DRAM_BA_1" is stuck at GND
    Warning (13410): Pin "DRAM_CLK" is stuck at GND
    Warning (13410): Pin "DRAM_CKE" is stuck at GND
    Warning (13410): Pin "FL_ADDR[0]" is stuck at GND
    Warning (13410): Pin "FL_ADDR[1]" is stuck at GND
    Warning (13410): Pin "FL_ADDR[2]" is stuck at GND
    Warning (13410): Pin "FL_ADDR[3]" is stuck at GND
    Warning (13410): Pin "FL_ADDR[4]" is stuck at GND
    Warning (13410): Pin "FL_ADDR[5]" is stuck at GND
    Warning (13410): Pin "FL_ADDR[6]" is stuck at GND
    Warning (13410): Pin "FL_ADDR[7]" is stuck at GND
    Warning (13410): Pin "FL_ADDR[8]" is stuck at GND
    Warning (13410): Pin "FL_ADDR[9]" is stuck at GND
    Warning (13410): Pin "FL_ADDR[10]" is stuck at GND
    Warning (13410): Pin "FL_ADDR[11]" is stuck at GND
    Warning (13410): Pin "FL_ADDR[12]" is stuck at GND
    Warning (13410): Pin "FL_ADDR[13]" is stuck at GND
    Warning (13410): Pin "FL_ADDR[14]" is stuck at GND
    Warning (13410): Pin "FL_ADDR[15]" is stuck at GND
    Warning (13410): Pin "FL_ADDR[16]" is stuck at GND
    Warning (13410): Pin "FL_ADDR[17]" is stuck at GND
    Warning (13410): Pin "FL_ADDR[18]" is stuck at GND
    Warning (13410): Pin "FL_ADDR[19]" is stuck at GND
    Warning (13410): Pin "FL_ADDR[20]" is stuck at GND
    Warning (13410): Pin "FL_ADDR[21]" is stuck at GND
    Warning (13410): Pin "FL_WE_N" is stuck at GND
    Warning (13410): Pin "FL_RST_N" is stuck at GND
    Warning (13410): Pin "FL_OE_N" is stuck at GND
    Warning (13410): Pin "FL_CE_N" is stuck at GND
    Warning (13410): Pin "SRAM_ADDR[0]" is stuck at GND
    Warning (13410): Pin "SRAM_ADDR[1]" is stuck at GND
    Warning (13410): Pin "SRAM_ADDR[2]" is stuck at GND
    Warning (13410): Pin "SRAM_ADDR[3]" is stuck at GND
    Warning (13410): Pin "SRAM_ADDR[4]" is stuck at GND
    Warning (13410): Pin "SRAM_ADDR[5]" is stuck at GND
    Warning (13410): Pin "SRAM_ADDR[6]" is stuck at GND
    Warning (13410): Pin "SRAM_ADDR[7]" is stuck at GND
    Warning (13410): Pin "SRAM_ADDR[8]" is stuck at GND
    Warning (13410): Pin "SRAM_ADDR[9]" is stuck at GND
    Warning (13410): Pin "SRAM_ADDR[10]" is stuck at GND
    Warning (13410): Pin "SRAM_ADDR[11]" is stuck at GND
    Warning (13410): Pin "SRAM_ADDR[12]" is stuck at GND
    Warning (13410): Pin "SRAM_ADDR[13]" is stuck at GND
    Warning (13410): Pin "SRAM_ADDR[14]" is stuck at GND
    Warning (13410): Pin "SRAM_ADDR[15]" is stuck at GND
    Warning (13410): Pin "SRAM_ADDR[16]" is stuck at GND
    Warning (13410): Pin "SRAM_ADDR[17]" is stuck at GND
    Warning (13410): Pin "SRAM_UB_N" is stuck at GND
    Warning (13410): Pin "SRAM_LB_N" is stuck at GND
    Warning (13410): Pin "SRAM_WE_N" is stuck at GND
    Warning (13410): Pin "SRAM_CE_N" is stuck at GND
    Warning (13410): Pin "SRAM_OE_N" is stuck at GND
    Warning (13410): Pin "SD_CLK" is stuck at GND
    Warning (13410): Pin "TDO" is stuck at GND
    Warning (13410): Pin "I2C_SCLK" is stuck at GND
    Warning (13410): Pin "VGA_HS" is stuck at GND
    Warning (13410): Pin "VGA_VS" is stuck at GND
    Warning (13410): Pin "VGA_R[0]" is stuck at GND
    Warning (13410): Pin "VGA_R[1]" is stuck at GND
    Warning (13410): Pin "VGA_R[2]" is stuck at GND
    Warning (13410): Pin "VGA_R[3]" is stuck at GND
    Warning (13410): Pin "VGA_G[0]" is stuck at GND
    Warning (13410): Pin "VGA_G[1]" is stuck at GND
    Warning (13410): Pin "VGA_G[2]" is stuck at GND
    Warning (13410): Pin "VGA_G[3]" is stuck at GND
    Warning (13410): Pin "VGA_B[0]" is stuck at GND
    Warning (13410): Pin "VGA_B[1]" is stuck at GND
    Warning (13410): Pin "VGA_B[2]" is stuck at GND
    Warning (13410): Pin "VGA_B[3]" is stuck at GND
    Warning (13410): Pin "AUD_DACDAT" is stuck at GND
    Warning (13410): Pin "AUD_XCK" is stuck at GND
Info (17049): 26 registers lost all their fanouts during netlist optimizations.
Info (16010): Generating hard_block partition "hard_block:auto_generated_inst"
    Info (16011): Adding 0 node(s), including 0 DDIO, 0 PLL, 0 transceiver and 0 LCELL
Warning (21074): Design contains 15 input pin(s) that do not drive logic
    Warning (15610): No output dependent on input pin "CLOCK_24[0]"
    Warning (15610): No output dependent on input pin "CLOCK_24[1]"
    Warning (15610): No output dependent on input pin "CLOCK_27[0]"
    Warning (15610): No output dependent on input pin "CLOCK_27[1]"
    Warning (15610): No output dependent on input pin "EXT_CLOCK"
    Warning (15610): No output dependent on input pin "KEY[1]"
    Warning (15610): No output dependent on input pin "SW[8]"
    Warning (15610): No output dependent on input pin "SW[9]"
    Warning (15610): No output dependent on input pin "UART_RXD"
    Warning (15610): No output dependent on input pin "TDI"
    Warning (15610): No output dependent on input pin "TCK"
    Warning (15610): No output dependent on input pin "TCS"
    Warning (15610): No output dependent on input pin "PS2_DAT"
    Warning (15610): No output dependent on input pin "PS2_CLK"
    Warning (15610): No output dependent on input pin "AUD_ADCDAT"
Info (21057): Implemented 468 device resources after synthesis - the final resource count might be different
    Info (21058): Implemented 27 input pins
    Info (21059): Implemented 137 output pins
    Info (21060): Implemented 119 bidirectional pins
    Info (21061): Implemented 185 logic cells
Info: Quartus II 64-Bit Analysis & Synthesis was successful. 0 errors, 160 warnings
    Info: Peak virtual memory: 828 megabytes
    Info: Processing ended: Wed Nov 16 21:48:16 2016
    Info: Elapsed time: 00:00:02
    Info: Total CPU time (on all processors): 00:00:02


