Flow report for processador
Tue Nov 22 19:13:40 2016
Quartus II 64-Bit Version 13.0.1 Build 232 06/12/2013 Service Pack 1.78 SJ Web Edition


---------------------
; Table of Contents ;
---------------------
  1. Legal Notice
  2. Flow Summary
  3. Flow Settings
  4. Flow Non-Default Global Settings
  5. Flow Elapsed Time
  6. Flow OS Summary
  7. Flow Log
  8. Flow Messages
  9. Flow Suppressed Messages



----------------
; Legal Notice ;
----------------
Copyright (C) 1991-2013 Altera Corporation
Your use of Altera Corporation's design tools, logic functions 
and other software and tools, and its AMPP partner logic 
functions, and any output files from any of the foregoing 
(including device programming or simulation files), and any 
associated documentation or information are expressly subject 
to the terms and conditions of the Altera Program License 
Subscription Agreement, Altera MegaCore Function License 
Agreement, or other applicable license agreement, including, 
without limitation, that your use is for the sole purpose of 
programming logic devices manufactured by Altera and sold by 
Altera or its authorized distributors.  Please refer to the 
applicable agreement for further details.



+-----------------------------------------------------------------------------------------+
; Flow Summary                                                                            ;
+------------------------------------+----------------------------------------------------+
; Flow Status                        ; Successful - Tue Nov 22 19:13:40 2016              ;
; Quartus II 64-Bit Version          ; 13.0.1 Build 232 06/12/2013 SP 1.78 SJ Web Edition ;
; Revision Name                      ; processador                                        ;
; Top-level Entity Name              ; DE1_TOP                                            ;
; Family                             ; Cyclone II                                         ;
; Device                             ; EP2C20F484C7                                       ;
; Timing Models                      ; Final                                              ;
; Total logic elements               ; 102 / 18,752 ( < 1 % )                             ;
;     Total combinational functions  ; 82 / 18,752 ( < 1 % )                              ;
;     Dedicated logic registers      ; 73 / 18,752 ( < 1 % )                              ;
; Total registers                    ; 73                                                 ;
; Total pins                         ; 283 / 315 ( 90 % )                                 ;
; Total virtual pins                 ; 0                                                  ;
; Total memory bits                  ; 50 / 239,616 ( < 1 % )                             ;
; Embedded Multiplier 9-bit elements ; 0 / 52 ( 0 % )                                     ;
; Total PLLs                         ; 0 / 4 ( 0 % )                                      ;
+------------------------------------+----------------------------------------------------+


+-----------------------------------------+
; Flow Settings                           ;
+-------------------+---------------------+
; Option            ; Setting             ;
+-------------------+---------------------+
; Start date & time ; 11/22/2016 19:13:26 ;
; Main task         ; Compilation         ;
; Revision Name     ; processador         ;
+-------------------+---------------------+


+----------------------------------------------------------------------------------------------------------------------------+
; Flow Non-Default Global Settings                                                                                           ;
+-------------------------------------+---------------------------------------+---------------+-------------+----------------+
; Assignment Name                     ; Value                                 ; Default Value ; Entity Name ; Section Id     ;
+-------------------------------------+---------------------------------------+---------------+-------------+----------------+
; ALLOW_ANY_RAM_SIZE_FOR_RECOGNITION  ; On                                    ; Off           ; --          ; --             ;
; ALLOW_ANY_ROM_SIZE_FOR_RECOGNITION  ; On                                    ; Off           ; --          ; --             ;
; COMPILER_SIGNATURE_ID               ; 0.147985280630681                     ; --            ; --          ; --             ;
; EDA_OUTPUT_DATA_FORMAT              ; Vhdl                                  ; --            ; --          ; eda_simulation ;
; EDA_SIMULATION_TOOL                 ; ModelSim-Altera (VHDL)                ; <None>        ; --          ; --             ;
; IP_TOOL_NAME                        ; RAM: 1-PORT                           ; --            ; --          ; --             ;
; IP_TOOL_VERSION                     ; 13.0                                  ; --            ; --          ; --             ;
; MAX_CORE_JUNCTION_TEMP              ; 85                                    ; --            ; --          ; --             ;
; MIN_CORE_JUNCTION_TEMP              ; 0                                     ; --            ; --          ; --             ;
; MISC_FILE                           ; dram_bb.v                             ; --            ; --          ; --             ;
; PARTITION_COLOR                     ; 16764057                              ; --            ; DE1_TOP     ; Top            ;
; PARTITION_FITTER_PRESERVATION_LEVEL ; PLACEMENT_AND_ROUTING                 ; --            ; DE1_TOP     ; Top            ;
; PARTITION_NETLIST_TYPE              ; SOURCE                                ; --            ; DE1_TOP     ; Top            ;
; POWER_BOARD_THERMAL_MODEL           ; None (CONSERVATIVE)                   ; --            ; --          ; --             ;
; POWER_PRESET_COOLING_SOLUTION       ; 23 MM HEAT SINK WITH 200 LFPM AIRFLOW ; --            ; --          ; --             ;
; PROJECT_OUTPUT_DIRECTORY            ; output_files                          ; --            ; --          ; --             ;
; TOP_LEVEL_ENTITY                    ; DE1_TOP                               ; processador   ; --          ; --             ;
+-------------------------------------+---------------------------------------+---------------+-------------+----------------+


+-------------------------------------------------------------------------------------------------------------------------------+
; Flow Elapsed Time                                                                                                             ;
+---------------------------+--------------+-------------------------+---------------------+------------------------------------+
; Module Name               ; Elapsed Time ; Average Processors Used ; Peak Virtual Memory ; Total CPU Time (on all processors) ;
+---------------------------+--------------+-------------------------+---------------------+------------------------------------+
; Analysis & Synthesis      ; 00:00:01     ; 1.0                     ; 697 MB              ; 00:00:01                           ;
; Fitter                    ; 00:00:04     ; 1.0                     ; 788 MB              ; 00:00:04                           ;
; Assembler                 ; 00:00:01     ; 1.0                     ; 642 MB              ; 00:00:01                           ;
; TimeQuest Timing Analyzer ; 00:00:00     ; 1.0                     ; 599 MB              ; 00:00:00                           ;
; EDA Netlist Writer        ; 00:00:01     ; 1.0                     ; 788 MB              ; 00:00:00                           ;
; Total                     ; 00:00:07     ; --                      ; --                  ; 00:00:06                           ;
+---------------------------+--------------+-------------------------+---------------------+------------------------------------+


+---------------------------------------------------------------------------------------------+
; Flow OS Summary                                                                             ;
+---------------------------+------------------+--------------+--------------+----------------+
; Module Name               ; Machine Hostname ; OS Name      ; OS Version   ; Processor type ;
+---------------------------+------------------+--------------+--------------+----------------+
; Analysis & Synthesis      ; pem-27           ; CentOS Linux ; CentOS Linux ; x86_64         ;
; Fitter                    ; pem-27           ; CentOS Linux ; CentOS Linux ; x86_64         ;
; Assembler                 ; pem-27           ; CentOS Linux ; CentOS Linux ; x86_64         ;
; TimeQuest Timing Analyzer ; pem-27           ; CentOS Linux ; CentOS Linux ; x86_64         ;
; EDA Netlist Writer        ; pem-27           ; CentOS Linux ; CentOS Linux ; x86_64         ;
+---------------------------+------------------+--------------+--------------+----------------+


------------
; Flow Log ;
------------
quartus_map --read_settings_files=on --write_settings_files=off processador -c processador
quartus_fit --read_settings_files=off --write_settings_files=off processador -c processador
quartus_asm --read_settings_files=off --write_settings_files=off processador -c processador
quartus_sta processador -c processador
quartus_eda --read_settings_files=off --write_settings_files=off processador -c processador



