============================================================
  Generated by:           Encounter(R) RTL Compiler RC14.28 - v14.20-s067_1
  Generated on:           Apr 01 2017  02:40:24 pm
  Module:                 contador_rfwild
  Technology libraries:   PnomV1p20T025_STD_CELL_8HP_12T 
                          physical_cells 
  Operating conditions:   _nominal_ 
  Interconnect mode:      global
  Area mode:              physical library
============================================================

                             
  Gate    Instances   Area                Library              
---------------------------------------------------------------
DFFR_E            4  161.280    PnomV1p20T025_STD_CELL_8HP_12T 
INVERT_H          1    5.760    PnomV1p20T025_STD_CELL_8HP_12T 
NAND2_D           2   15.360    PnomV1p20T025_STD_CELL_8HP_12T 
XNOR2_C           2   26.880    PnomV1p20T025_STD_CELL_8HP_12T 
XOR2_C            1   13.440    PnomV1p20T025_STD_CELL_8HP_12T 
---------------------------------------------------------------
total            10  222.720                                   


                                    
   Type    Instances   Area  Area % 
------------------------------------
sequential         4 161.280   72.4 
inverter           1   5.760    2.6 
logic              5  55.680   25.0 
------------------------------------
total             10 222.720  100.0 

