============================================================
  Generated by:           Encounter(R) RTL Compiler RC14.28 - v14.20-s067_1
  Generated on:           Apr 01 2017  02:40:24 pm
  Module:                 contador_rfwild
  Technology libraries:   PnomV1p20T025_STD_CELL_8HP_12T 
                          physical_cells 
  Operating conditions:   _nominal_ 
  Interconnect mode:      global
  Area mode:              physical library
============================================================

       Pin             Type     Fanout  Load Slew Delay Arrival   
                                        (fF) (ps)  (ps)   (ps)    
------------------------------------------------------------------
(clock clk)           launch                                  0 R 
                      latency                      +300     300 R 
contador_reg[0]/CLK                             0           300 R 
contador_reg[0]/Q     DFFR_E         3 321.1 1270  +793    1093 R 
g72/A                                                +0    1093   
g72/Z                 NAND2_D        2  23.0  323  +157    1250 F 
g71/A                                                +0    1250   
g71/Z                 INVERT_H       1  10.0   95   +74    1324 R 
g68/A                                                +0    1324   
g68/Z                 NAND2_D        1  10.8  222   +52    1376 F 
g65/B                                                +0    1376   
g65/Z                 XNOR2_C        1   8.3  232  +122    1497 F 
contador_reg[3]/D     DFFR_E                         +0    1497   
contador_reg[3]/CLK   setup                     0  +196    1693 R 
- - - - - - - - - - - - - - - - - - - - - - - - - - - - - - - - - 
(clock clk)           capture                              5000 R 
                      latency                      +300    5300 R 
------------------------------------------------------------------
Cost Group   : 'clk' (path_group 'clk')
Timing slack :    3607ps 
Start-point  : contador_reg[0]/CLK
End-point    : contador_reg[3]/D
